time="2024-11-18T11:50:57-06:00" level=info msg="Starting system..." System start=true
time="2024-11-18T13:45:12-06:00" level=info msg="Starting system..." System start=true
time="2024-11-18T14:18:30-06:00" level=info msg="Starting system..." System start=true
time="2024-11-18T14:26:25-06:00" level=info msg="Starting system..." System start=true
time="2024-11-18T14:51:06-06:00" level=info msg="Exit system by user decision"
time="2024-11-18T14:51:16-06:00" level=info msg="Starting system..." System start=true
time="2024-11-18T14:52:30-06:00" level=info msg="Exit system by user decision"
time="2024-11-18T14:52:43-06:00" level=info msg="Starting system..." System start=true
time="2024-11-18T14:58:35-06:00" level=info msg="Exit system by user decision"
time="2024-11-18T15:39:38-06:00" level=info msg="Starting system..." System start=true
time="2024-11-18T15:41:11-06:00" level=info msg="Starting system..." System start=true
time="2024-11-18T15:42:49-06:00" level=info msg="Starting system..." System start=true
time="2024-11-18T15:44:41-06:00" level=info msg="Starting system..." System start=true
time="2024-11-18T15:47:45-06:00" level=info msg="Starting system..." System start=true
time="2024-11-18T15:49:28-06:00" level=info msg="Starting system..." System start=true
time="2024-11-18T15:57:31-06:00" level=warning msg="Invalid option selected by user" Option selected: =
time="2024-11-18T16:00:53-06:00" level=info msg="Exit system by user decision"
time="2024-11-18T16:00:57-06:00" level=info msg="Starting system..." System start=true
time="2024-11-18T22:36:22-06:00" level=info msg="Starting system..." System start=true
time="2024-11-18T22:50:23-06:00" level=info msg="Starting system..." System start=true
time="2024-11-18T22:53:08-06:00" level=info msg="Starting system..." System start=true
time="2024-11-18T22:55:54-06:00" level=info msg="Starting system..." System start=true
time="2024-11-18T22:58:45-06:00" level=info msg="Starting system..." System start=true
time="2024-11-18T23:02:03-06:00" level=info msg="Starting system..." System start=true
time="2024-11-18T23:02:59-06:00" level=info msg="Starting system..." System start=true
time="2024-11-18T23:05:09-06:00" level=info msg="Starting system..." System start=true
time="2024-11-18T23:08:22-06:00" level=info msg="Starting system..." System start=true
time="2024-11-18T23:10:27-06:00" level=info msg="Starting system..." System start=true
time="2024-11-18T23:12:05-06:00" level=info msg="Starting system..." System start=true
time="2024-11-18T23:22:49-06:00" level=info msg="Starting system..." System start=true
time="2024-11-18T23:26:40-06:00" level=info msg="Starting system..." System start=true
time="2024-11-18T23:31:53-06:00" level=warning msg="Invalid option selected by user" Option selected: ="\x1b[2~\x1b[2~\x1b[3~\x1b[3~\x1b[3~\x1b[3~\x1b[3~\x1b[3~\x1b[3~\x1b[3~\x1b[2~\x1b[F\x1b[F\x1b[F\x1b[F\x1b[F\x1b[F\x1b[F\x1b[F\x1b[F\x1b[F\x1b[2~\x1b[2~\x1b[2~\x1b[2~\x1b[3~\x1b[3~\x1b[2~\x1b[3~\x1b[3~\x1b[3~\x1b[3~\x1b[3~\x1b[3~\x1b[3~\x1b[3~\x1b[2~\x1b[F\x1b[2~\x1b[F\x1b[F\x1b[F\x1b[2~\x1b[F\x1b[2~\x1b[F\x1b[F\x1b[F\x1b[F\x1b[F\x1b[F\x1b[F\x1b[F\x1b[F\x1b[F\x1b[F\x1b[2~\x1b[F\x1b[F\x1b[F\x1b[F\x1b[F\x1b[F\x1b[F\x1b[2~\x1b[3~\x1b[3~\x1b[3~\x1b[3~\x1b[3~\x1b[3~\x1b[3~\x1b[3~\x1b[3~\x1b[3~\x1b[3~\x1b[3~\x1b[3~\x1b[3~\x1b[3~\x1b[3~\x1b[3~\x1b[3~\x1b[3~\x1b[3~\x1b[3~\x1b[3~\x1b[3~\x1b[3~\x1b[3~\x1b[3~\x1b[3~\x1b[3~\x1b[3~\x1b[3~\x1b[3~\x1b[3~\x1b[B\x1b[3~"
time="2024-11-18T23:43:31-06:00" level=info msg="Exit system by user decision"
time="2024-11-18T23:43:34-06:00" level=info msg="Starting system..." System start=true
time="2024-11-18T23:52:01-06:00" level=info msg="Exit system by user decision"
time="2024-11-18T23:52:42-06:00" level=info msg="Starting system..." System start=true
time="2024-11-18T23:54:27-06:00" level=info msg="Exit system by user decision"
time="2024-11-18T23:54:35-06:00" level=info msg="Starting system..." System start=true
time="2024-11-19T00:05:26-06:00" level=info msg="Starting system..." System start=true
time="2024-11-19T00:07:52-06:00" level=info msg="Exit system by user decision"
time="2024-11-19T00:08:05-06:00" level=info msg="Starting system..." System start=true
time="2024-11-19T00:10:38-06:00" level=info msg="Exit system by user decision"
time="2024-11-19T00:10:43-06:00" level=info msg="Starting system..." System start=true
time="2024-11-19T00:12:25-06:00" level=info msg="Exit system by user decision"
time="2024-11-19T00:12:29-06:00" level=info msg="Starting system..." System start=true
time="2024-11-19T00:14:37-06:00" level=info msg="Exit system by user decision"
time="2024-11-19T00:14:42-06:00" level=info msg="Starting system..." System start=true
time="2024-11-19T00:15:42-06:00" level=info msg="Exit system by user decision"
time="2024-11-19T00:15:46-06:00" level=info msg="Starting system..." System start=true
time="2024-11-19T00:20:15-06:00" level=info msg="Exit system by user decision"
time="2024-11-19T00:20:20-06:00" level=info msg="Starting system..." System start=true
time="2024-11-19T00:26:10-06:00" level=info msg="Exit system by user decision"
time="2024-11-19T00:26:16-06:00" level=info msg="Starting system..." System start=true
time="2024-11-19T00:27:27-06:00" level=info msg="Exit system by user decision"
time="2024-11-19T00:27:32-06:00" level=info msg="Starting system..." System start=true
time="2024-11-19T00:35:59-06:00" level=info msg="Exit system by user decision"
time="2024-11-19T00:36:03-06:00" level=info msg="Starting system..." System start=true
time="2024-11-19T00:39:18-06:00" level=info msg="Exit system by user decision"
time="2024-11-19T00:39:21-06:00" level=info msg="Starting system..." System start=true
time="2024-11-19T00:57:11-06:00" level=info msg="Exit system by user decision"
time="2024-11-19T00:57:16-06:00" level=info msg="Starting system..." System start=true
time="2024-11-19T01:00:19-06:00" level=info msg="Exit system by user decision"
time="2024-11-19T01:00:20-06:00" level=info msg="Starting system..." System start=true
time="2024-11-19T01:10:47-06:00" level=info msg="Exit system by user decision"
time="2024-11-19T01:10:53-06:00" level=info msg="Starting system..." System start=true
time="2024-11-19T01:17:50-06:00" level=info msg="Exit system by user decision"
time="2024-11-19T01:18:03-06:00" level=info msg="Starting system..." System start=true
time="2024-11-19T01:20:28-06:00" level=info msg="Exit system by user decision"
time="2024-11-19T01:20:31-06:00" level=info msg="Starting system..." System start=true
time="2024-11-19T01:23:47-06:00" level=info msg="Exit system by user decision"
time="2024-11-19T01:23:51-06:00" level=info msg="Starting system..." System start=true
time="2024-11-19T01:25:50-06:00" level=info msg="Exit system by user decision"
time="2024-11-19T01:25:54-06:00" level=info msg="Starting system..." System start=true
time="2024-11-19T01:28:11-06:00" level=info msg="Exit system by user decision"
time="2024-11-19T02:09:50-06:00" level=info msg="Starting system..." System start=true
time="2024-11-19T02:12:28-06:00" level=info msg="Starting system..." System start=true
time="2024-11-19T02:14:53-06:00" level=info msg="Exit system by user decision"
time="2024-11-19T02:14:55-06:00" level=info msg="Starting system..." System start=true
time="2024-11-19T02:18:50-06:00" level=info msg="Exit system by user decision"
time="2024-11-19T02:18:53-06:00" level=info msg="Starting system..." System start=true
time="2024-11-19T02:23:02-06:00" level=warning msg="Invalid option selected by user" Option selected: ="go s.StartHeartbeatChecker()4"
time="2024-11-19T02:23:04-06:00" level=info msg="Exit system by user decision"
time="2024-11-19T02:23:08-06:00" level=warning msg="Invalid option selected by user" Option selected: =q
time="2024-11-19T02:23:10-06:00" level=info msg="Starting system..." System start=true
time="2024-11-19T02:24:37-06:00" level=warning msg="Invalid option selected by user" Option selected: =m
time="2024-11-19T02:31:22-06:00" level=info msg="Exit system by user decision"
time="2024-11-19T02:32:04-06:00" level=warning msg="Invalid option selected by user" Option selected: =14
time="2024-11-19T02:32:10-06:00" level=info msg="Starting nodes..." Created nodes with quantity =4
time="2024-11-19T02:32:57-06:00" level=info msg="Exit system by user decision"
time="2024-11-19T02:33:17-06:00" level=info msg="Exit system by user decision"
time="2024-11-19T02:33:25-06:00" level=info msg="Starting system..." System start=true
time="2024-11-19T02:33:36-06:00" level=info msg="Exit system by user decision"
time="2024-11-19T02:33:41-06:00" level=info msg="Starting system..." System start=true
time="2024-11-19T02:33:46-06:00" level=info msg="Starting nodes..." Created nodes with quantity =3
time="2024-11-19T02:35:39-06:00" level=info msg="Starting nodes..." Created nodes with quantity =9
time="2024-11-19T02:43:34-06:00" level=info msg="Starting nodes..." Created nodes with quantity =2
time="2024-11-19T02:43:38-06:00" level=info msg="Exit system by user decision"
time="2024-11-20T10:42:51-06:00" level=info msg="Starting system..." System start=true
time="2024-11-20T10:51:28-06:00" level=info msg="Starting system..." System start=true
time="2024-11-20T10:57:36-06:00" level=info msg="Starting system..." System start=true
time="2024-11-20T10:58:59-06:00" level=info msg="Exit system by user decision"
time="2024-11-20T10:59:12-06:00" level=info msg="Starting system..." System start=true
time="2024-11-20T11:00:06-06:00" level=info msg="Starting system..." System start=true
time="2024-11-20T11:02:10-06:00" level=info msg="Starting system..." System start=true
time="2024-11-20T11:04:19-06:00" level=info msg="Starting nodes..." Created nodes with quantity =3
time="2024-11-20T11:07:59-06:00" level=info msg="Starting nodes..." Created nodes with quantity =0
time="2024-11-20T11:08:05-06:00" level=info msg="Exit system by user decision"
time="2024-11-20T11:08:13-06:00" level=info msg="Starting system..." System start=true
time="2024-11-20T11:08:41-06:00" level=info msg="Starting nodes..." Created nodes with quantity =3
time="2024-11-20T11:16:30-06:00" level=info msg="Exit system by user decision"
time="2024-11-20T11:16:39-06:00" level=info msg="Starting system..." System start=true
time="2024-11-20T11:16:51-06:00" level=info msg="Starting nodes..." Created nodes with quantity =3
time="2024-11-20T11:51:08-06:00" level=info msg="Starting nodes..." Created nodes with quantity =1
time="2024-11-20T11:51:13-06:00" level=info msg="Exit system by user decision"
time="2024-11-20T11:51:42-06:00" level=info msg="Starting system..." System start=true
time="2024-11-20T11:52:09-06:00" level=info msg="Starting nodes..." Created nodes with quantity =3
time="2024-11-20T11:58:39-06:00" level=info msg="Exit system by user decision"
time="2024-11-20T11:59:15-06:00" level=info msg="Starting system..." System start=true
time="2024-11-20T11:59:25-06:00" level=warning msg="Invalid option selected by user" Option selected: =34
time="2024-11-20T11:59:28-06:00" level=warning msg="Invalid option selected by user" Option selected: =
time="2024-11-20T11:59:35-06:00" level=info msg="Starting nodes..." Created nodes with quantity =4
time="2024-11-20T12:02:18-06:00" level=info msg="Exit system by user decision"
time="2024-11-20T12:02:24-06:00" level=info msg="Starting system..." System start=true
time="2024-11-20T12:02:31-06:00" level=info msg="Starting nodes..." Created nodes with quantity =2
time="2024-11-20T12:04:21-06:00" level=info msg="Exit system by user decision"
time="2024-11-20T12:04:27-06:00" level=info msg="Starting system..." System start=true
time="2024-11-20T12:04:49-06:00" level=info msg="Starting nodes..." Created nodes with quantity =2
time="2024-11-20T12:07:13-06:00" level=info msg="Starting system..." System start=true
time="2024-11-20T12:07:36-06:00" level=info msg="Starting nodes..." Created nodes with quantity =2
time="2024-11-20T12:10:06-06:00" level=info msg="Exit system by user decision"
time="2024-11-20T12:10:10-06:00" level=info msg="Starting system..." System start=true
time="2024-11-20T12:10:16-06:00" level=info msg="Starting nodes..." Created nodes with quantity =2
time="2024-11-20T12:25:57-06:00" level=info msg="Starting system..." System start=true
time="2024-11-20T12:26:19-06:00" level=info msg="Starting system..." System start=true
time="2024-11-20T12:27:08-06:00" level=info msg="Starting system..." System start=true
time="2024-11-20T12:27:21-06:00" level=info msg="Starting system..." System start=true
time="2024-11-20T12:27:33-06:00" level=info msg="Starting system..." System start=true
time="2024-11-20T12:27:38-06:00" level=info msg="Starting nodes..." Created nodes with quantity =2
time="2024-11-20T12:28:42-06:00" level=info msg="Starting system..." System start=true
time="2024-11-20T12:28:53-06:00" level=info msg="Starting nodes..." Created nodes with quantity =2
time="2024-11-20T13:23:56-06:00" level=info msg="Exit system by user decision"
time="2024-11-20T13:51:25-06:00" level=info msg="Starting system..." System start=true
time="2024-11-20T13:51:31-06:00" level=info msg="Starting nodes..." Created nodes with quantity =2
time="2024-11-20T14:58:50-06:00" level=info msg="Starting system..." System start=true
time="2024-11-20T14:58:55-06:00" level=info msg="Starting nodes..." Created nodes with quantity =2
time="2024-11-20T16:30:05-06:00" level=info msg="Exit system by user decision"
time="2024-11-20T16:37:44-06:00" level=info msg="Starting system..." System start=true
time="2024-11-20T16:37:50-06:00" level=info msg="Starting nodes..." Created nodes with quantity =2
time="2024-11-20T16:40:09-06:00" level=info msg="Exit system by user decision"
time="2024-11-20T16:44:17-06:00" level=info msg="Starting system..." System start=true
time="2024-11-20T16:44:52-06:00" level=info msg="Starting system..." System start=true
time="2024-11-20T16:46:33-06:00" level=info msg="Exit system by user decision"
time="2024-11-20T16:46:37-06:00" level=info msg="Starting system..." System start=true
time="2024-11-20T16:49:23-06:00" level=info msg="Starting system..." System start=true
time="2024-11-20T16:51:37-06:00" level=info msg="Starting system..." System start=true
time="2024-11-20T16:55:03-06:00" level=info msg="Exit system by user decision"
time="2024-11-20T17:03:25-06:00" level=info msg="Starting system..." System start=true
time="2024-11-20T17:05:01-06:00" level=info msg="Exit system by user decision"
time="2024-11-20T17:05:07-06:00" level=info msg="Starting system..." System start=true
time="2024-11-20T17:05:58-06:00" level=info msg="Exit system by user decision"
time="2024-11-20T17:06:02-06:00" level=info msg="Starting system..." System start=true
time="2024-11-20T17:09:25-06:00" level=info msg="Exit system by user decision"
time="2024-11-20T17:09:28-06:00" level=info msg="Starting system..." System start=true
time="2024-11-20T17:11:47-06:00" level=info msg="Exit system by user decision"
time="2024-11-20T17:12:21-06:00" level=info msg="Starting system..." System start=true
time="2024-11-20T17:13:41-06:00" level=info msg="Exit system by user decision"
time="2024-11-20T17:13:48-06:00" level=info msg="Starting system..." System start=true
time="2024-11-20T17:17:09-06:00" level=info msg="Exit system by user decision"
time="2024-11-20T17:17:15-06:00" level=info msg="Starting system..." System start=true
time="2024-11-20T17:21:38-06:00" level=info msg="Exit system by user decision"
time="2024-11-20T17:21:43-06:00" level=info msg="Starting system..." System start=true
time="2024-11-20T17:23:36-06:00" level=info msg="Exit system by user decision"
time="2024-11-20T17:31:49-06:00" level=info msg="Starting system..." System start=true
time="2024-11-20T17:35:56-06:00" level=info msg="Exit system by user decision"
time="2024-11-20T17:36:03-06:00" level=info msg="Starting system..." System start=true
time="2024-11-20T17:43:13-06:00" level=info msg="Exit system by user decision"
time="2024-11-20T17:43:19-06:00" level=info msg="Starting system..." System start=true
time="2024-11-20T17:46:01-06:00" level=info msg="Exit system by user decision"
time="2024-11-20T17:46:07-06:00" level=info msg="Starting system..." System start=true
time="2024-11-20T17:50:54-06:00" level=info msg="Exit system by user decision"
time="2024-11-20T17:51:08-06:00" level=info msg="Starting system..." System start=true
time="2024-11-20T17:52:18-06:00" level=info msg="Exit system by user decision"
time="2024-11-20T18:35:14-06:00" level=info msg="Starting system..." System start=true
time="2024-11-20T18:35:34-06:00" level=info msg="Starting nodes..." Created nodes with quantity =2
time="2024-11-20T18:39:20-06:00" level=info msg="Starting system..." System start=true
time="2024-11-20T18:41:03-06:00" level=info msg="Exit system by user decision"
time="2024-11-20T18:41:19-06:00" level=info msg="Starting system..." System start=true
time="2024-11-20T18:41:39-06:00" level=info msg="Starting nodes..." Created nodes with quantity =3
time="2024-11-20T18:44:25-06:00" level=info msg="Exit system by user decision"
time="2024-11-20T18:45:07-06:00" level=info msg="Starting system..." System start=true
time="2024-11-20T18:45:11-06:00" level=info msg="Starting nodes..." Created nodes with quantity =3
time="2024-11-20T18:46:38-06:00" level=info msg="Exit system by user decision"
time="2024-11-20T18:46:42-06:00" level=info msg="Starting system..." System start=true
time="2024-11-20T18:46:48-06:00" level=info msg="Starting nodes..." Created nodes with quantity =3
time="2024-11-20T18:48:50-06:00" level=info msg="Exit system by user decision"
time="2024-11-20T18:48:54-06:00" level=info msg="Starting system..." System start=true
time="2024-11-20T18:49:00-06:00" level=info msg="Starting nodes..." Created nodes with quantity =3
time="2024-11-20T18:49:24-06:00" level=info msg="Exit system by user decision"
