time="2024-11-22T19:12:27-06:00" level=info msg="Running distributive system..." Starting Program with System up=false
time="2024-11-22T19:12:29-06:00" level=info msg="===========================================================================================================Starting system==========================================================================================================="
time="2024-11-22T19:12:29-06:00" level=info msg="Running distributive system..." Starting Program with System up=true
time="2024-11-22T19:12:29-06:00" level=info msg="[INFO] System is starting..."
time="2024-11-22T19:12:29-06:00" level=info msg="[INFO] Loading venv:sucess"
time="2024-11-22T19:12:29-06:00" level=info msg="[INFO]" Cluster started at port="localhost:9999"
time="2024-11-22T19:12:42-06:00" level=info msg="Starting nodes.." Created nodes with quantity =9
time="2024-11-22T19:12:42-06:00" level=info msg="[INFO]" Command is running with PID=10280
time="2024-11-22T19:12:42-06:00" level=info msg="[INFO]" Command is running with PID=3236
time="2024-11-22T19:12:42-06:00" level=info msg="[INFO]" Command is running with PID=18908
time="2024-11-22T19:12:42-06:00" level=info msg="[INFO]" Command is running with PID=19736
time="2024-11-22T19:12:42-06:00" level=info msg="[INFO]" Command is running with PID=18660
time="2024-11-22T19:12:42-06:00" level=info msg="[INFO]" Command is running with PID=11380
time="2024-11-22T19:12:42-06:00" level=info msg="[INFO]" Command is running with PID=14820
time="2024-11-22T19:12:42-06:00" level=info msg="[INFO]" Command is running with PID=15520
time="2024-11-22T19:12:42-06:00" level=info msg="[INFO]" Command is running with PID=3552
time="2024-11-22T19:12:42-06:00" level=info msg="Running distributive system..." Starting Program with System up=true
time="2024-11-22T19:12:45-06:00" level=info msg="[INFO] Loading venv:sucess"
time="2024-11-22T19:12:45-06:00" level=info msg="ID selected by user" Node ID=627
time="2024-11-22T19:12:45-06:00" level=info msg="Adress provided by user" Adress=627
time="2024-11-22T19:12:45-06:00" level=info msg="Protocol selected by user" Protocol=627
time="2024-11-22T19:12:45-06:00" level=info msg="[INFO] Notify Node Up"
time="2024-11-22T19:12:45-06:00" level=info msg="[INFO]" the Node is online, id=627
time="2024-11-22T19:12:45-06:00" level=info msg="[INFO]" Quantity of nodes now is: =1
time="2024-11-22T19:12:45-06:00" level=info msg="[INFO] Loading venv:sucess"
time="2024-11-22T19:12:45-06:00" level=info msg="ID selected by user" Node ID=8524
time="2024-11-22T19:12:45-06:00" level=info msg="Adress provided by user" Adress=8524
time="2024-11-22T19:12:45-06:00" level=info msg="Protocol selected by user" Protocol=8524
time="2024-11-22T19:12:45-06:00" level=info msg="[INFO] Notify Node Up"
time="2024-11-22T19:12:45-06:00" level=info msg="[INFO]" the Node is online, id=8524
time="2024-11-22T19:12:45-06:00" level=info msg="[INFO]" Quantity of nodes now is: =2
time="2024-11-22T19:12:45-06:00" level=info msg="[INFO] Loading venv:sucess"
time="2024-11-22T19:12:45-06:00" level=info msg="ID selected by user" Node ID=7422
time="2024-11-22T19:12:45-06:00" level=info msg="Adress provided by user" Adress=7422
time="2024-11-22T19:12:45-06:00" level=info msg="Protocol selected by user" Protocol=7422
time="2024-11-22T19:12:45-06:00" level=info msg="[INFO] Notify Node Up"
time="2024-11-22T19:12:45-06:00" level=info msg="[INFO]" the Node is online, id=7422
time="2024-11-22T19:12:45-06:00" level=info msg="[INFO]" Quantity of nodes now is: =3
time="2024-11-22T19:12:45-06:00" level=info msg="[INFO] Loading venv:sucess"
time="2024-11-22T19:12:45-06:00" level=info msg="ID selected by user" Node ID=7518
time="2024-11-22T19:12:45-06:00" level=info msg="Adress provided by user" Adress=7518
time="2024-11-22T19:12:45-06:00" level=info msg="Protocol selected by user" Protocol=7518
time="2024-11-22T19:12:45-06:00" level=info msg="[INFO] Notify Node Up"
time="2024-11-22T19:12:45-06:00" level=info msg="[INFO]" the Node is online, id=7518
time="2024-11-22T19:12:45-06:00" level=info msg="[INFO]" Quantity of nodes now is: =4
time="2024-11-22T19:12:46-06:00" level=info msg="[INFO] Loading venv:sucess"
time="2024-11-22T19:12:46-06:00" level=info msg="ID selected by user" Node ID=3433
time="2024-11-22T19:12:46-06:00" level=info msg="Adress provided by user" Adress=3433
time="2024-11-22T19:12:46-06:00" level=info msg="Protocol selected by user" Protocol=3433
time="2024-11-22T19:12:46-06:00" level=info msg="[INFO] Loading venv:sucess"
time="2024-11-22T19:12:46-06:00" level=info msg="ID selected by user" Node ID=7139
time="2024-11-22T19:12:46-06:00" level=info msg="Adress provided by user" Adress=7139
time="2024-11-22T19:12:46-06:00" level=info msg="Protocol selected by user" Protocol=7139
time="2024-11-22T19:12:46-06:00" level=info msg="[INFO] Notify Node Up"
time="2024-11-22T19:12:46-06:00" level=info msg="[INFO]" the Node is online, id=3433
time="2024-11-22T19:12:46-06:00" level=info msg="[INFO]" Quantity of nodes now is: =5
time="2024-11-22T19:12:46-06:00" level=info msg="[INFO] Notify Node Up"
time="2024-11-22T19:12:46-06:00" level=info msg="[INFO]" the Node is online, id=7139
time="2024-11-22T19:12:46-06:00" level=info msg="[INFO]" Quantity of nodes now is: =6
time="2024-11-22T19:12:46-06:00" level=info msg="[INFO] Loading venv:sucess"
time="2024-11-22T19:12:46-06:00" level=info msg="ID selected by user" Node ID=9933
time="2024-11-22T19:12:46-06:00" level=info msg="Adress provided by user" Adress=9933
time="2024-11-22T19:12:46-06:00" level=info msg="Protocol selected by user" Protocol=9933
time="2024-11-22T19:12:46-06:00" level=info msg="[INFO] Loading venv:sucess"
time="2024-11-22T19:12:46-06:00" level=info msg="ID selected by user" Node ID=4981
time="2024-11-22T19:12:46-06:00" level=info msg="Adress provided by user" Adress=4981
time="2024-11-22T19:12:46-06:00" level=info msg="Protocol selected by user" Protocol=4981
time="2024-11-22T19:12:46-06:00" level=info msg="[INFO] Notify Node Up"
time="2024-11-22T19:12:46-06:00" level=info msg="[INFO]" the Node is online, id=9933
time="2024-11-22T19:12:46-06:00" level=info msg="[INFO]" Quantity of nodes now is: =7
time="2024-11-22T19:12:46-06:00" level=info msg="[INFO] Loading venv:sucess"
time="2024-11-22T19:12:46-06:00" level=info msg="ID selected by user" Node ID=2002
time="2024-11-22T19:12:46-06:00" level=info msg="Adress provided by user" Adress=2002
time="2024-11-22T19:12:46-06:00" level=info msg="Protocol selected by user" Protocol=2002
time="2024-11-22T19:12:46-06:00" level=info msg="[INFO] Notify Node Up"
time="2024-11-22T19:12:46-06:00" level=info msg="[INFO]" the Node is online, id=4981
time="2024-11-22T19:12:46-06:00" level=info msg="[INFO]" Quantity of nodes now is: =8
time="2024-11-22T19:12:46-06:00" level=info msg="[INFO] Notify Node Up"
time="2024-11-22T19:12:46-06:00" level=info msg="[INFO]" the Node is online, id=2002
time="2024-11-22T19:12:46-06:00" level=info msg="[INFO]" Quantity of nodes now is: =9
time="2024-11-22T19:12:52-06:00" level=info msg="[INFO] Creating a new process for entry array[0.1 0.2 0.3 0.4 0.5 0.6 0.7]"
time="2024-11-22T19:12:52-06:00" level=info msg="[DEBUG] Starting assignment for 4 tasks (Process ID: 9150)\n" processID=9150 taskLenght=4
time="2024-11-22T19:12:52-06:00" level=info msg="[INFO]" Process created with ID=9150
time="2024-11-22T19:12:52-06:00" level=info msg="[INFO] Successfully created process with id9150"
time="2024-11-22T19:12:52-06:00" level=info msg="[INFO] Creating a new process for entry array[0.8 0.9 0 10]"
time="2024-11-22T19:12:52-06:00" level=info msg="[DEBUG] Appended task 9150002, from Node 2002, with queue size is 1" NodeID=2002 QueueSize=1 taskId=9150002
time="2024-11-22T19:12:52-06:00" level=info msg="[DEBUG] Appended task 9150000, from Node 7518, with queue size is 1" NodeID=7518 QueueSize=1 taskId=9150000
time="2024-11-22T19:12:52-06:00" level=info msg="[INFO] Task id: 9150002,\t process id:9150,\t chunk: [0.5 0.6]" chunk="[0.5 0.6]" processID=9150 taskID=9150002
time="2024-11-22T19:12:52-06:00" level=info msg="[INFO] Task id: 9150000,\t process id:9150,\t chunk: [0.1 0.2]" chunk="[0.1 0.2]" processID=9150 taskID=9150000
time="2024-11-22T19:12:52-06:00" level=info msg="[INFO] Task id: 9150002,\t process id:9150,\t chunk: [0.5 0.6]" chunk="[0.5 0.6]" processID=9150 taskID=9150002
time="2024-11-22T19:12:52-06:00" level=info msg="[DEBUG] Appended task 9150001, from Node 8524, with queue size is 1" NodeID=8524 QueueSize=1 taskId=9150001
time="2024-11-22T19:12:52-06:00" level=info msg="[DEBUG] Starting assignment for 2 tasks (Process ID: 6797)\n" processID=6797 taskLenght=2
time="2024-11-22T19:12:52-06:00" level=info msg="[INFO] Task id: 9150000,\t process id:9150,\t chunk: [0.1 0.2]" chunk="[0.1 0.2]" processID=9150 taskID=9150000
time="2024-11-22T19:12:52-06:00" level=info msg="[INFO] Task id: 9150001,\t process id:9150,\t chunk: [0.3 0.4]" chunk="[0.3 0.4]" processID=9150 taskID=9150001
time="2024-11-22T19:12:52-06:00" level=info msg="[INFO] Task id: 9150002,\t process id:9150,\t chunk: [0.5 0.6]" chunk="[0.5 0.6]" processID=9150 taskID=9150002
time="2024-11-22T19:12:52-06:00" level=info msg="[DEBUG] Appended task 9150003, from Node 627, with queue size is 1" NodeID=627 QueueSize=1 taskId=9150003
time="2024-11-22T19:12:52-06:00" level=info msg="[INFO] Task id: 9150001,\t process id:9150,\t chunk: [0.3 0.4]" chunk="[0.3 0.4]" processID=9150 taskID=9150001
time="2024-11-22T19:12:52-06:00" level=info msg="[INFO] Task id: 9150002,\t process id:9150,\t chunk: [0.5 0.6]" chunk="[0.5 0.6]" processID=9150 taskID=9150002
time="2024-11-22T19:12:52-06:00" level=info msg="[INFO] Task id: 9150000,\t process id:9150,\t chunk: [0.1 0.2]" chunk="[0.1 0.2]" processID=9150 taskID=9150000
time="2024-11-22T19:12:52-06:00" level=info msg="[INFO] Task id: 9150003,\t process id:9150,\t chunk: [0.7]" chunk="[0.7]" processID=9150 taskID=9150003
time="2024-11-22T19:12:52-06:00" level=info msg="0:\ttask id: 9150002,\t process id:9150,\t chunk: [0.5 0.6]\n" idx=0 taskPrint="task id: 9150002,\t process id:9150,\t chunk: [0.5 0.6]"
time="2024-11-22T19:12:52-06:00" level=info msg="[INFO] Task id: 9150003,\t process id:9150,\t chunk: [0.7]" chunk="[0.7]" processID=9150 taskID=9150003
time="2024-11-22T19:12:52-06:00" level=info msg="[INFO] Task id: 9150001,\t process id:9150,\t chunk: [0.3 0.4]" chunk="[0.3 0.4]" processID=9150 taskID=9150001
time="2024-11-22T19:12:52-06:00" level=info msg="[INFO] Task id: 9150000,\t process id:9150,\t chunk: [0.1 0.2]" chunk="[0.1 0.2]" processID=9150 taskID=9150000
time="2024-11-22T19:12:52-06:00" level=info msg="Status success, with content Task asigned: 9150002\n, the task was {9150002 9150 [0.5 0.6] false} and the Node is 2002" ActionSuccess=success Connet="Task asigned: 9150002\n" ID=2002 Task="{9150002 9150 [0.5 0.6] false}"
time="2024-11-22T19:12:52-06:00" level=info msg="[INFO] Task id: 9150003,\t process id:9150,\t chunk: [0.7]" chunk="[0.7]" processID=9150 taskID=9150003
time="2024-11-22T19:12:52-06:00" level=info msg="[INFO] Task id: 9150001,\t process id:9150,\t chunk: [0.3 0.4]" chunk="[0.3 0.4]" processID=9150 taskID=9150001
time="2024-11-22T19:12:52-06:00" level=info msg="[INFO]" Process created with ID=6797
time="2024-11-22T19:12:52-06:00" level=info msg="0:\ttask id: 9150000,\t process id:9150,\t chunk: [0.1 0.2]\n" idx=0 taskPrint="task id: 9150000,\t process id:9150,\t chunk: [0.1 0.2]"
time="2024-11-22T19:12:52-06:00" level=info msg="[INFO] Task id: 9150003,\t process id:9150,\t chunk: [0.7]" chunk="[0.7]" processID=9150 taskID=9150003
time="2024-11-22T19:12:52-06:00" level=info msg="[INFO] Successfully created process with id6797"
time="2024-11-22T19:12:52-06:00" level=info msg="0:\ttask id: 9150001,\t process id:9150,\t chunk: [0.3 0.4]\n" idx=0 taskPrint="task id: 9150001,\t process id:9150,\t chunk: [0.3 0.4]"
time="2024-11-22T19:12:52-06:00" level=info msg="[DEBUG] Appended task 6797000, from Node 2002, with queue size is 2" NodeID=2002 QueueSize=2 taskId=6797000
time="2024-11-22T19:12:52-06:00" level=info msg="0:\ttask id: 9150003,\t process id:9150,\t chunk: [0.7]\n" idx=0 taskPrint="task id: 9150003,\t process id:9150,\t chunk: [0.7]"
time="2024-11-22T19:12:52-06:00" level=info msg="Status success, with content Task asigned: 9150000\n, the task was {9150000 9150 [0.1 0.2] false} and the Node is 7518" ActionSuccess=success Connet="Task asigned: 9150000\n" ID=7518 Task="{9150000 9150 [0.1 0.2] false}"
time="2024-11-22T19:12:52-06:00" level=info msg="Status success, with content Task asigned: 9150001\n, the task was {9150001 9150 [0.3 0.4] false} and the Node is 8524" ActionSuccess=success Connet="Task asigned: 9150001\n" ID=8524 Task="{9150001 9150 [0.3 0.4] false}"
time="2024-11-22T19:12:52-06:00" level=info msg="Status success, with content Task asigned: 9150003\n, the task was {9150003 9150 [0.7] false} and the Node is 627" ActionSuccess=success Connet="Task asigned: 9150003\n" ID=627 Task="{9150003 9150 [0.7] false}"
time="2024-11-22T19:12:52-06:00" level=info msg="[DEBUG] Appended task 6797001, from Node 7139, with queue size is 1" NodeID=7139 QueueSize=1 taskId=6797001
time="2024-11-22T19:12:52-06:00" level=info msg="[INFO] Task id: 6797000,\t process id:6797,\t chunk: [0.8 0.9]" chunk="[0.8 0.9]" processID=6797 taskID=6797000
time="2024-11-22T19:12:52-06:00" level=info msg="[INFO] Creating a new process for entry array[3.5 3.6 3.7 3.8 3.9 4 4.1 4.2 4.3 4.4 4.5 4.6 4.7]"
time="2024-11-22T19:12:52-06:00" level=info msg="[INFO] Task id: 6797001,\t process id:6797,\t chunk: [0 10]" chunk="[0 10]" processID=6797 taskID=6797001
time="2024-11-22T19:12:52-06:00" level=info msg="[INFO] Task id: 9150002,\t process id:9150,\t chunk: [0.5 0.6]" chunk="[0.5 0.6]" processID=9150 taskID=9150002
time="2024-11-22T19:12:52-06:00" level=info msg="[INFO] Task id: 6797001,\t process id:6797,\t chunk: [0 10]" chunk="[0 10]" processID=6797 taskID=6797001
time="2024-11-22T19:12:52-06:00" level=info msg="[INFO] Action Success"
time="2024-11-22T19:12:52-06:00" level=info msg="[INFO] Task id: 9150002,\t process id:9150,\t chunk: [0.5 0.6]" chunk="[0.5 0.6]" processID=9150 taskID=9150002
time="2024-11-22T19:12:52-06:00" level=info msg="[INFO] Task id: 6797001,\t process id:6797,\t chunk: [0 10]" chunk="[0 10]" processID=6797 taskID=6797001
time="2024-11-22T19:12:52-06:00" level=info msg="[DEBUG] Starting assignment for 7 tasks (Process ID: 1808)\n" processID=1808 taskLenght=7
time="2024-11-22T19:12:52-06:00" level=info msg="[INFO] Task id: 9150002,\t process id:9150,\t chunk: [0.5 0.6]" chunk="[0.5 0.6]" processID=9150 taskID=9150002
time="2024-11-22T19:12:52-06:00" level=info msg="[INFO] Task id: 6797001,\t process id:6797,\t chunk: [0 10]" chunk="[0 10]" processID=6797 taskID=6797001
time="2024-11-22T19:12:52-06:00" level=info msg="[INFO] Task 9150000 (Process 9150) successfully assigned to Node 7518.\n" node=7518 process=9150 taskID=9150000
time="2024-11-22T19:12:52-06:00" level=info msg="0:\ttask id: 9150002,\t process id:9150,\t chunk: [0.5 0.6]\n" idx=0 taskPrint="task id: 9150002,\t process id:9150,\t chunk: [0.5 0.6]"
time="2024-11-22T19:12:52-06:00" level=info msg="0:\ttask id: 6797001,\t process id:6797,\t chunk: [0 10]\n" idx=0 taskPrint="task id: 6797001,\t process id:6797,\t chunk: [0 10]"
time="2024-11-22T19:12:52-06:00" level=info msg="[INFO] Action Success"
time="2024-11-22T19:12:52-06:00" level=info msg="[INFO] Task id: 6797000,\t process id:6797,\t chunk: [0.8 0.9]" chunk="[0.8 0.9]" processID=6797 taskID=6797000
time="2024-11-22T19:12:52-06:00" level=info msg="Status success, with content Task asigned: 6797001\n, the task was {6797001 6797 [0 10] false} and the Node is 7139" ActionSuccess=success Connet="Task asigned: 6797001\n" ID=7139 Task="{6797001 6797 [0 10] false}"
time="2024-11-22T19:12:52-06:00" level=info msg="[INFO] Task 9150001 (Process 9150) successfully assigned to Node 8524.\n" node=8524 process=9150 taskID=9150001
time="2024-11-22T19:12:52-06:00" level=info msg="[INFO] Task id: 6797000,\t process id:6797,\t chunk: [0.8 0.9]" chunk="[0.8 0.9]" processID=6797 taskID=6797000
time="2024-11-22T19:12:52-06:00" level=info msg="[INFO] Action Success"
time="2024-11-22T19:12:52-06:00" level=info msg="[INFO] Task id: 6797000,\t process id:6797,\t chunk: [0.8 0.9]" chunk="[0.8 0.9]" processID=6797 taskID=6797000
time="2024-11-22T19:12:52-06:00" level=info msg="[INFO] Task 9150002 (Process 9150) successfully assigned to Node 2002.\n" node=2002 process=9150 taskID=9150002
time="2024-11-22T19:12:52-06:00" level=info msg="1:\ttask id: 6797000,\t process id:6797,\t chunk: [0.8 0.9]\n" idx=1 taskPrint="task id: 6797000,\t process id:6797,\t chunk: [0.8 0.9]"
time="2024-11-22T19:12:52-06:00" level=info msg="[INFO] Action Success"
time="2024-11-22T19:12:52-06:00" level=info msg="[INFO] Task 9150003 (Process 9150) successfully assigned to Node 627.\n" node=627 process=9150 taskID=9150003
time="2024-11-22T19:12:52-06:00" level=info msg="Status success, with content Task asigned: 6797000\n, the task was {6797000 6797 [0.8 0.9] false} and the Node is 2002" ActionSuccess=success Connet="Task asigned: 6797000\n" ID=2002 Task="{6797000 6797 [0.8 0.9] false}"
time="2024-11-22T19:12:52-06:00" level=info msg="[INFO] Action Success"
time="2024-11-22T19:12:52-06:00" level=info msg="[INFO] Task 6797001 (Process 6797) successfully assigned to Node 7139.\n" node=7139 process=6797 taskID=6797001
time="2024-11-22T19:12:52-06:00" level=info msg="[INFO] Action Success"
time="2024-11-22T19:12:52-06:00" level=info msg="[DEBUG] Appended task 1808002, from Node 8524, with queue size is 2" NodeID=8524 QueueSize=2 taskId=1808002
time="2024-11-22T19:12:52-06:00" level=info msg="[DEBUG] Appended task 1808000, from Node 7518, with queue size is 2" NodeID=7518 QueueSize=2 taskId=1808000
time="2024-11-22T19:12:52-06:00" level=info msg="[DEBUG] Appended task 1808003, from Node 7139, with queue size is 2" NodeID=7139 QueueSize=2 taskId=1808003
time="2024-11-22T19:12:52-06:00" level=info msg="[INFO] Task 6797000 (Process 6797) successfully assigned to Node 2002.\n" node=2002 process=6797 taskID=6797000
time="2024-11-22T19:12:52-06:00" level=info msg="[INFO] Task id: 1808002,\t process id:1808,\t chunk: [3.9 4]" chunk="[3.9 4]" processID=1808 taskID=1808002
time="2024-11-22T19:12:52-06:00" level=info msg="[INFO] Task id: 1808000,\t process id:1808,\t chunk: [3.5 3.6]" chunk="[3.5 3.6]" processID=1808 taskID=1808000
time="2024-11-22T19:12:52-06:00" level=info msg="[DEBUG] Appended task 1808001, from Node 9933, with queue size is 1" NodeID=9933 QueueSize=1 taskId=1808001
time="2024-11-22T19:12:52-06:00" level=info msg="[INFO] Task id: 1808003,\t process id:1808,\t chunk: [4.1 4.2]" chunk="[4.1 4.2]" processID=1808 taskID=1808003
time="2024-11-22T19:12:52-06:00" level=info msg="[INFO] Task id: 9150001,\t process id:9150,\t chunk: [0.3 0.4]" chunk="[0.3 0.4]" processID=9150 taskID=9150001
time="2024-11-22T19:12:52-06:00" level=info msg="[DEBUG] Appended task 1808006, from Node 627, with queue size is 2" NodeID=627 QueueSize=2 taskId=1808006
time="2024-11-22T19:12:52-06:00" level=info msg="[INFO] Task id: 9150000,\t process id:9150,\t chunk: [0.1 0.2]" chunk="[0.1 0.2]" processID=9150 taskID=9150000
time="2024-11-22T19:12:52-06:00" level=info msg="[DEBUG] Appended task 1808004, from Node 3433, with queue size is 1" NodeID=3433 QueueSize=1 taskId=1808004
time="2024-11-22T19:12:52-06:00" level=info msg="[INFO] Task id: 6797001,\t process id:6797,\t chunk: [0 10]" chunk="[0 10]" processID=6797 taskID=6797001
time="2024-11-22T19:12:52-06:00" level=info msg="[INFO] Task id: 1808001,\t process id:1808,\t chunk: [3.7 3.8]" chunk="[3.7 3.8]" processID=1808 taskID=1808001
time="2024-11-22T19:12:52-06:00" level=info msg="[INFO] Task id: 9150001,\t process id:9150,\t chunk: [0.3 0.4]" chunk="[0.3 0.4]" processID=9150 taskID=9150001
time="2024-11-22T19:12:52-06:00" level=info msg="[INFO] Task id: 1808006,\t process id:1808,\t chunk: [4.7]" chunk="[4.7]" processID=1808 taskID=1808006
time="2024-11-22T19:12:52-06:00" level=info msg="[DEBUG] Appended task 1808005, from Node 4981, with queue size is 1" NodeID=4981 QueueSize=1 taskId=1808005
time="2024-11-22T19:12:52-06:00" level=info msg="[INFO] Task id: 9150000,\t process id:9150,\t chunk: [0.1 0.2]" chunk="[0.1 0.2]" processID=9150 taskID=9150000
time="2024-11-22T19:12:52-06:00" level=info msg="[INFO] Task id: 1808004,\t process id:1808,\t chunk: [4.3 4.4]" chunk="[4.3 4.4]" processID=1808 taskID=1808004
time="2024-11-22T19:12:52-06:00" level=info msg="[INFO] Task id: 6797001,\t process id:6797,\t chunk: [0 10]" chunk="[0 10]" processID=6797 taskID=6797001
time="2024-11-22T19:12:52-06:00" level=info msg="[INFO] Task id: 1808001,\t process id:1808,\t chunk: [3.7 3.8]" chunk="[3.7 3.8]" processID=1808 taskID=1808001
time="2024-11-22T19:12:52-06:00" level=info msg="[INFO] Task id: 9150001,\t process id:9150,\t chunk: [0.3 0.4]" chunk="[0.3 0.4]" processID=9150 taskID=9150001
time="2024-11-22T19:12:52-06:00" level=info msg="[INFO] Task id: 9150003,\t process id:9150,\t chunk: [0.7]" chunk="[0.7]" processID=9150 taskID=9150003
time="2024-11-22T19:12:52-06:00" level=info msg="[INFO]" Process created with ID=1808
time="2024-11-22T19:12:52-06:00" level=info msg="[INFO] Task id: 1808005,\t process id:1808,\t chunk: [4.5 4.6]" chunk="[4.5 4.6]" processID=1808 taskID=1808005
time="2024-11-22T19:12:52-06:00" level=info msg="[INFO] Task id: 9150000,\t process id:9150,\t chunk: [0.1 0.2]" chunk="[0.1 0.2]" processID=9150 taskID=9150000
time="2024-11-22T19:12:52-06:00" level=info msg="[INFO] Task id: 1808004,\t process id:1808,\t chunk: [4.3 4.4]" chunk="[4.3 4.4]" processID=1808 taskID=1808004
time="2024-11-22T19:12:52-06:00" level=info msg="[INFO] Task id: 6797001,\t process id:6797,\t chunk: [0 10]" chunk="[0 10]" processID=6797 taskID=6797001
time="2024-11-22T19:12:52-06:00" level=info msg="[INFO] Task id: 1808001,\t process id:1808,\t chunk: [3.7 3.8]" chunk="[3.7 3.8]" processID=1808 taskID=1808001
time="2024-11-22T19:12:52-06:00" level=info msg="0:\ttask id: 9150001,\t process id:9150,\t chunk: [0.3 0.4]\n" idx=0 taskPrint="task id: 9150001,\t process id:9150,\t chunk: [0.3 0.4]"
time="2024-11-22T19:12:52-06:00" level=info msg="[INFO] Task id: 9150003,\t process id:9150,\t chunk: [0.7]" chunk="[0.7]" processID=9150 taskID=9150003
time="2024-11-22T19:12:52-06:00" level=info msg="[INFO] Successfully created process with id1808"
time="2024-11-22T19:12:52-06:00" level=info msg="0:\ttask id: 9150000,\t process id:9150,\t chunk: [0.1 0.2]\n" idx=0 taskPrint="task id: 9150000,\t process id:9150,\t chunk: [0.1 0.2]"
time="2024-11-22T19:12:52-06:00" level=info msg="[INFO] Task id: 1808005,\t process id:1808,\t chunk: [4.5 4.6]" chunk="[4.5 4.6]" processID=1808 taskID=1808005
time="2024-11-22T19:12:52-06:00" level=info msg="[INFO] Task id: 1808004,\t process id:1808,\t chunk: [4.3 4.4]" chunk="[4.3 4.4]" processID=1808 taskID=1808004
time="2024-11-22T19:12:52-06:00" level=info msg="0:\ttask id: 6797001,\t process id:6797,\t chunk: [0 10]\n" idx=0 taskPrint="task id: 6797001,\t process id:6797,\t chunk: [0 10]"
time="2024-11-22T19:12:52-06:00" level=info msg="[INFO] Task id: 1808001,\t process id:1808,\t chunk: [3.7 3.8]" chunk="[3.7 3.8]" processID=1808 taskID=1808001
time="2024-11-22T19:12:52-06:00" level=info msg="[INFO] Task id: 1808002,\t process id:1808,\t chunk: [3.9 4]" chunk="[3.9 4]" processID=1808 taskID=1808002
time="2024-11-22T19:12:52-06:00" level=info msg="[INFO] Task id: 9150003,\t process id:9150,\t chunk: [0.7]" chunk="[0.7]" processID=9150 taskID=9150003
time="2024-11-22T19:12:52-06:00" level=info msg="[INFO] Task id: 1808000,\t process id:1808,\t chunk: [3.5 3.6]" chunk="[3.5 3.6]" processID=1808 taskID=1808000
time="2024-11-22T19:12:52-06:00" level=info msg="[INFO] Task id: 1808005,\t process id:1808,\t chunk: [4.5 4.6]" chunk="[4.5 4.6]" processID=1808 taskID=1808005
time="2024-11-22T19:12:52-06:00" level=info msg="[INFO] Task id: 1808004,\t process id:1808,\t chunk: [4.3 4.4]" chunk="[4.3 4.4]" processID=1808 taskID=1808004
time="2024-11-22T19:12:52-06:00" level=info msg="[INFO] Task id: 1808003,\t process id:1808,\t chunk: [4.1 4.2]" chunk="[4.1 4.2]" processID=1808 taskID=1808003
time="2024-11-22T19:12:52-06:00" level=info msg="0:\ttask id: 1808001,\t process id:1808,\t chunk: [3.7 3.8]\n" idx=0 taskPrint="task id: 1808001,\t process id:1808,\t chunk: [3.7 3.8]"
time="2024-11-22T19:12:52-06:00" level=info msg="0:\ttask id: 9150003,\t process id:9150,\t chunk: [0.7]\n" idx=0 taskPrint="task id: 9150003,\t process id:9150,\t chunk: [0.7]"
time="2024-11-22T19:12:52-06:00" level=info msg="[INFO] Task id: 1808003,\t process id:1808,\t chunk: [4.1 4.2]" chunk="[4.1 4.2]" processID=1808 taskID=1808003
time="2024-11-22T19:12:52-06:00" level=info msg="Status success, with content Task asigned: 1808001\n, the task was {1808001 1808 [3.7 3.8] false} and the Node is 9933" ActionSuccess=success Connet="Task asigned: 1808001\n" ID=9933 Task="{1808001 1808 [3.7 3.8] false}"
time="2024-11-22T19:12:52-06:00" level=info msg="[INFO] Task id: 1808002,\t process id:1808,\t chunk: [3.9 4]" chunk="[3.9 4]" processID=1808 taskID=1808002
time="2024-11-22T19:12:52-06:00" level=info msg="0:\ttask id: 1808004,\t process id:1808,\t chunk: [4.3 4.4]\n" idx=0 taskPrint="task id: 1808004,\t process id:1808,\t chunk: [4.3 4.4]"
time="2024-11-22T19:12:52-06:00" level=info msg="[INFO] Task id: 1808006,\t process id:1808,\t chunk: [4.7]" chunk="[4.7]" processID=1808 taskID=1808006
time="2024-11-22T19:12:52-06:00" level=info msg="[INFO] Task id: 1808003,\t process id:1808,\t chunk: [4.1 4.2]" chunk="[4.1 4.2]" processID=1808 taskID=1808003
time="2024-11-22T19:12:52-06:00" level=info msg="[INFO] Task id: 1808002,\t process id:1808,\t chunk: [3.9 4]" chunk="[3.9 4]" processID=1808 taskID=1808002
time="2024-11-22T19:12:52-06:00" level=info msg="[INFO] Task id: 1808000,\t process id:1808,\t chunk: [3.5 3.6]" chunk="[3.5 3.6]" processID=1808 taskID=1808000
time="2024-11-22T19:12:52-06:00" level=info msg="1:\ttask id: 1808002,\t process id:1808,\t chunk: [3.9 4]\n" idx=1 taskPrint="task id: 1808002,\t process id:1808,\t chunk: [3.9 4]"
time="2024-11-22T19:12:52-06:00" level=info msg="[INFO] Task id: 1808006,\t process id:1808,\t chunk: [4.7]" chunk="[4.7]" processID=1808 taskID=1808006
time="2024-11-22T19:12:52-06:00" level=info msg="1:\ttask id: 1808003,\t process id:1808,\t chunk: [4.1 4.2]\n" idx=1 taskPrint="task id: 1808003,\t process id:1808,\t chunk: [4.1 4.2]"
time="2024-11-22T19:12:52-06:00" level=info msg="[INFO] Task id: 1808005,\t process id:1808,\t chunk: [4.5 4.6]" chunk="[4.5 4.6]" processID=1808 taskID=1808005
time="2024-11-22T19:12:52-06:00" level=info msg="[INFO] Creating a new process for entry array[0.5 0.5 1 1 2]"
time="2024-11-22T19:12:52-06:00" level=info msg="Status success, with content Task asigned: 1808002\n, the task was {1808002 1808 [3.9 4] false} and the Node is 8524" ActionSuccess=success Connet="Task asigned: 1808002\n" ID=8524 Task="{1808002 1808 [3.9 4] false}"
time="2024-11-22T19:12:52-06:00" level=info msg="Status success, with content Task asigned: 1808004\n, the task was {1808004 1808 [4.3 4.4] false} and the Node is 3433" ActionSuccess=success Connet="Task asigned: 1808004\n" ID=3433 Task="{1808004 1808 [4.3 4.4] false}"
time="2024-11-22T19:12:52-06:00" level=info msg="[INFO] Task id: 1808000,\t process id:1808,\t chunk: [3.5 3.6]" chunk="[3.5 3.6]" processID=1808 taskID=1808000
time="2024-11-22T19:12:52-06:00" level=info msg="[INFO] Task id: 1808006,\t process id:1808,\t chunk: [4.7]" chunk="[4.7]" processID=1808 taskID=1808006
time="2024-11-22T19:12:52-06:00" level=info msg="Status success, with content Task asigned: 1808003\n, the task was {1808003 1808 [4.1 4.2] false} and the Node is 7139" ActionSuccess=success Connet="Task asigned: 1808003\n" ID=7139 Task="{1808003 1808 [4.1 4.2] false}"
time="2024-11-22T19:12:52-06:00" level=info msg="0:\ttask id: 1808005,\t process id:1808,\t chunk: [4.5 4.6]\n" idx=0 taskPrint="task id: 1808005,\t process id:1808,\t chunk: [4.5 4.6]"
time="2024-11-22T19:12:52-06:00" level=info msg="1:\ttask id: 1808000,\t process id:1808,\t chunk: [3.5 3.6]\n" idx=1 taskPrint="task id: 1808000,\t process id:1808,\t chunk: [3.5 3.6]"
time="2024-11-22T19:12:52-06:00" level=info msg="1:\ttask id: 1808006,\t process id:1808,\t chunk: [4.7]\n" idx=1 taskPrint="task id: 1808006,\t process id:1808,\t chunk: [4.7]"
time="2024-11-22T19:12:52-06:00" level=info msg="[DEBUG] Starting assignment for 3 tasks (Process ID: 1398)\n" processID=1398 taskLenght=3
time="2024-11-22T19:12:52-06:00" level=info msg="Status success, with content Task asigned: 1808005\n, the task was {1808005 1808 [4.5 4.6] false} and the Node is 4981" ActionSuccess=success Connet="Task asigned: 1808005\n" ID=4981 Task="{1808005 1808 [4.5 4.6] false}"
time="2024-11-22T19:12:52-06:00" level=info msg="Status success, with content Task asigned: 1808006\n, the task was {1808006 1808 [4.7] false} and the Node is 627" ActionSuccess=success Connet="Task asigned: 1808006\n" ID=627 Task="{1808006 1808 [4.7] false}"
time="2024-11-22T19:12:52-06:00" level=info msg="[INFO] Action Success"
time="2024-11-22T19:12:52-06:00" level=info msg="Status success, with content Task asigned: 1808000\n, the task was {1808000 1808 [3.5 3.6] false} and the Node is 7518" ActionSuccess=success Connet="Task asigned: 1808000\n" ID=7518 Task="{1808000 1808 [3.5 3.6] false}"
time="2024-11-22T19:12:52-06:00" level=info msg="[INFO] Action Success"
time="2024-11-22T19:12:52-06:00" level=info msg="[INFO] Action Success"
time="2024-11-22T19:12:52-06:00" level=info msg="[INFO]" Process created with ID=1398
time="2024-11-22T19:12:52-06:00" level=info msg="[INFO] Successfully created process with id1398"
time="2024-11-22T19:12:52-06:00" level=info msg="[INFO] Creating a new process for entry array[0.25 0.25 0.25]"
time="2024-11-22T19:12:52-06:00" level=info msg="[DEBUG] Starting assignment for 2 tasks (Process ID: 3984)\n" processID=3984 taskLenght=2
time="2024-11-22T19:12:52-06:00" level=info msg="[INFO] Action Success"
time="2024-11-22T19:12:52-06:00" level=info msg="[DEBUG] Appended task 1398001, from Node 9933, with queue size is 2" NodeID=9933 QueueSize=2 taskId=1398001
time="2024-11-22T19:12:52-06:00" level=info msg="[DEBUG] Appended task 1398002, from Node 4981, with queue size is 2" NodeID=4981 QueueSize=2 taskId=1398002
time="2024-11-22T19:12:52-06:00" level=info msg="[INFO] Task 1808005 (Process 1808) successfully assigned to Node 4981.\n" node=4981 process=1808 taskID=1808005
time="2024-11-22T19:12:52-06:00" level=info msg="[INFO] Task 1808001 (Process 1808) successfully assigned to Node 9933.\n" node=9933 process=1808 taskID=1808001
time="2024-11-22T19:12:52-06:00" level=info msg="[INFO] Task id: 1398001,\t process id:1398,\t chunk: [1 1]" chunk="[1 1]" processID=1398 taskID=1398001
time="2024-11-22T19:12:52-06:00" level=info msg="[INFO] Action Success"
time="2024-11-22T19:12:52-06:00" level=info msg="[INFO] Task id: 1808001,\t process id:1808,\t chunk: [3.7 3.8]" chunk="[3.7 3.8]" processID=1808 taskID=1808001
time="2024-11-22T19:12:52-06:00" level=info msg="[DEBUG] Appended task 1398000, from Node 7422, with queue size is 1" NodeID=7422 QueueSize=1 taskId=1398000
time="2024-11-22T19:12:52-06:00" level=info msg="[INFO] Task id: 1398002,\t process id:1398,\t chunk: [2]" chunk="[2]" processID=1398 taskID=1398002
time="2024-11-22T19:12:52-06:00" level=info msg="[INFO] Task 1808000 (Process 1808) successfully assigned to Node 7518.\n" node=7518 process=1808 taskID=1808000
time="2024-11-22T19:12:52-06:00" level=info msg="[INFO] Task id: 1808001,\t process id:1808,\t chunk: [3.7 3.8]" chunk="[3.7 3.8]" processID=1808 taskID=1808001
time="2024-11-22T19:12:52-06:00" level=info msg="[INFO] Task id: 1398000,\t process id:1398,\t chunk: [0.5 0.5]" chunk="[0.5 0.5]" processID=1398 taskID=1398000
time="2024-11-22T19:12:52-06:00" level=info msg="[INFO] Task id: 1808005,\t process id:1808,\t chunk: [4.5 4.6]" chunk="[4.5 4.6]" processID=1808 taskID=1808005
time="2024-11-22T19:12:52-06:00" level=info msg="[INFO] Task 1808002 (Process 1808) successfully assigned to Node 8524.\n" node=8524 process=1808 taskID=1808002
time="2024-11-22T19:12:52-06:00" level=info msg="[INFO] Task id: 1808001,\t process id:1808,\t chunk: [3.7 3.8]" chunk="[3.7 3.8]" processID=1808 taskID=1808001
time="2024-11-22T19:12:52-06:00" level=info msg="[INFO] Task id: 1398000,\t process id:1398,\t chunk: [0.5 0.5]" chunk="[0.5 0.5]" processID=1398 taskID=1398000
time="2024-11-22T19:12:52-06:00" level=info msg="[INFO] Task 1808004 (Process 1808) successfully assigned to Node 3433.\n" node=3433 process=1808 taskID=1808004
time="2024-11-22T19:12:52-06:00" level=info msg="0:\ttask id: 1808001,\t process id:1808,\t chunk: [3.7 3.8]\n" idx=0 taskPrint="task id: 1808001,\t process id:1808,\t chunk: [3.7 3.8]"
time="2024-11-22T19:12:52-06:00" level=info msg="[INFO] Task id: 1808005,\t process id:1808,\t chunk: [4.5 4.6]" chunk="[4.5 4.6]" processID=1808 taskID=1808005
time="2024-11-22T19:12:52-06:00" level=info msg="[INFO]" Process created with ID=3984
time="2024-11-22T19:12:52-06:00" level=info msg="[INFO] Task id: 1398000,\t process id:1398,\t chunk: [0.5 0.5]" chunk="[0.5 0.5]" processID=1398 taskID=1398000
time="2024-11-22T19:12:52-06:00" level=info msg="[INFO] Task id: 1398001,\t process id:1398,\t chunk: [1 1]" chunk="[1 1]" processID=1398 taskID=1398001
time="2024-11-22T19:12:52-06:00" level=info msg="[INFO] Task id: 1808005,\t process id:1808,\t chunk: [4.5 4.6]" chunk="[4.5 4.6]" processID=1808 taskID=1808005
time="2024-11-22T19:12:52-06:00" level=info msg="[DEBUG] Appended task 3984001, from Node 3433, with queue size is 2" NodeID=3433 QueueSize=2 taskId=3984001
time="2024-11-22T19:12:52-06:00" level=info msg="[INFO] Successfully created process with id3984"
time="2024-11-22T19:12:52-06:00" level=info msg="[INFO] Task id: 1398000,\t process id:1398,\t chunk: [0.5 0.5]" chunk="[0.5 0.5]" processID=1398 taskID=1398000
time="2024-11-22T19:12:52-06:00" level=info msg="[INFO] Task id: 1398001,\t process id:1398,\t chunk: [1 1]" chunk="[1 1]" processID=1398 taskID=1398001
time="2024-11-22T19:12:52-06:00" level=info msg="0:\ttask id: 1808005,\t process id:1808,\t chunk: [4.5 4.6]\n" idx=0 taskPrint="task id: 1808005,\t process id:1808,\t chunk: [4.5 4.6]"
time="2024-11-22T19:12:52-06:00" level=info msg="[INFO] Task id: 3984001,\t process id:3984,\t chunk: [0.25]" chunk="[0.25]" processID=3984 taskID=3984001
time="2024-11-22T19:12:52-06:00" level=info msg="Running distributive system..." Starting Program with System up=true
time="2024-11-22T19:12:52-06:00" level=info msg="0:\ttask id: 1398000,\t process id:1398,\t chunk: [0.5 0.5]\n" idx=0 taskPrint="task id: 1398000,\t process id:1398,\t chunk: [0.5 0.5]"
time="2024-11-22T19:12:52-06:00" level=info msg="[INFO] Task id: 1398001,\t process id:1398,\t chunk: [1 1]" chunk="[1 1]" processID=1398 taskID=1398001
time="2024-11-22T19:12:52-06:00" level=info msg="[INFO] Task id: 1398002,\t process id:1398,\t chunk: [2]" chunk="[2]" processID=1398 taskID=1398002
time="2024-11-22T19:12:52-06:00" level=info msg="[INFO] Task id: 1808004,\t process id:1808,\t chunk: [4.3 4.4]" chunk="[4.3 4.4]" processID=1808 taskID=1808004
time="2024-11-22T19:12:52-06:00" level=info msg="[INFO] Action Success"
time="2024-11-22T19:12:52-06:00" level=info msg="Status success, with content Task asigned: 1398000\n, the task was {1398000 1398 [0.5 0.5] false} and the Node is 7422" ActionSuccess=success Connet="Task asigned: 1398000\n" ID=7422 Task="{1398000 1398 [0.5 0.5] false}"
time="2024-11-22T19:12:52-06:00" level=info msg="1:\ttask id: 1398001,\t process id:1398,\t chunk: [1 1]\n" idx=1 taskPrint="task id: 1398001,\t process id:1398,\t chunk: [1 1]"
time="2024-11-22T19:12:52-06:00" level=info msg="[INFO] Task id: 1398002,\t process id:1398,\t chunk: [2]" chunk="[2]" processID=1398 taskID=1398002
time="2024-11-22T19:12:52-06:00" level=info msg="[INFO] Task id: 1808004,\t process id:1808,\t chunk: [4.3 4.4]" chunk="[4.3 4.4]" processID=1808 taskID=1808004
time="2024-11-22T19:12:52-06:00" level=info msg="[INFO] Task 1808003 (Process 1808) successfully assigned to Node 7139.\n" node=7139 process=1808 taskID=1808003
time="2024-11-22T19:12:52-06:00" level=info msg="[DEBUG] Appended task 3984000, from Node 7422, with queue size is 2" NodeID=7422 QueueSize=2 taskId=3984000
time="2024-11-22T19:12:52-06:00" level=info msg="Status success, with content Task asigned: 1398001\n, the task was {1398001 1398 [1 1] false} and the Node is 9933" ActionSuccess=success Connet="Task asigned: 1398001\n" ID=9933 Task="{1398001 1398 [1 1] false}"
time="2024-11-22T19:12:52-06:00" level=info msg="[INFO] Task id: 1398002,\t process id:1398,\t chunk: [2]" chunk="[2]" processID=1398 taskID=1398002
time="2024-11-22T19:12:52-06:00" level=info msg="[INFO] Task id: 1808004,\t process id:1808,\t chunk: [4.3 4.4]" chunk="[4.3 4.4]" processID=1808 taskID=1808004
time="2024-11-22T19:12:52-06:00" level=info msg="[INFO] Action Success"
time="2024-11-22T19:12:52-06:00" level=info msg="1:\ttask id: 1398002,\t process id:1398,\t chunk: [2]\n" idx=1 taskPrint="task id: 1398002,\t process id:1398,\t chunk: [2]"
time="2024-11-22T19:12:52-06:00" level=info msg="[INFO] Task id: 3984000,\t process id:3984,\t chunk: [0.25 0.25]" chunk="[0.25 0.25]" processID=3984 taskID=3984000
time="2024-11-22T19:12:52-06:00" level=info msg="0:\ttask id: 1808004,\t process id:1808,\t chunk: [4.3 4.4]\n" idx=0 taskPrint="task id: 1808004,\t process id:1808,\t chunk: [4.3 4.4]"
time="2024-11-22T19:12:52-06:00" level=info msg="[INFO] Task 1808006 (Process 1808) successfully assigned to Node 627.\n" node=627 process=1808 taskID=1808006
time="2024-11-22T19:12:52-06:00" level=info msg="Status success, with content Task asigned: 1398002\n, the task was {1398002 1398 [2] false} and the Node is 4981" ActionSuccess=success Connet="Task asigned: 1398002\n" ID=4981 Task="{1398002 1398 [2] false}"
time="2024-11-22T19:12:52-06:00" level=info msg="[INFO] Task id: 3984001,\t process id:3984,\t chunk: [0.25]" chunk="[0.25]" processID=3984 taskID=3984001
time="2024-11-22T19:12:52-06:00" level=info msg="[INFO] Task id: 1398000,\t process id:1398,\t chunk: [0.5 0.5]" chunk="[0.5 0.5]" processID=1398 taskID=1398000
time="2024-11-22T19:12:52-06:00" level=info msg="[INFO] Action Success"
time="2024-11-22T19:12:52-06:00" level=info msg="[INFO] Task id: 3984001,\t process id:3984,\t chunk: [0.25]" chunk="[0.25]" processID=3984 taskID=3984001
time="2024-11-22T19:12:52-06:00" level=info msg="[INFO] Task id: 1398000,\t process id:1398,\t chunk: [0.5 0.5]" chunk="[0.5 0.5]" processID=1398 taskID=1398000
time="2024-11-22T19:12:52-06:00" level=info msg="[INFO] Task id: 3984001,\t process id:3984,\t chunk: [0.25]" chunk="[0.25]" processID=3984 taskID=3984001
time="2024-11-22T19:12:52-06:00" level=info msg="[INFO] Task 1398000 (Process 1398) successfully assigned to Node 7422.\n" node=7422 process=1398 taskID=1398000
time="2024-11-22T19:12:52-06:00" level=info msg="[INFO] Task id: 1398000,\t process id:1398,\t chunk: [0.5 0.5]" chunk="[0.5 0.5]" processID=1398 taskID=1398000
time="2024-11-22T19:12:52-06:00" level=info msg="1:\ttask id: 3984001,\t process id:3984,\t chunk: [0.25]\n" idx=1 taskPrint="task id: 3984001,\t process id:3984,\t chunk: [0.25]"
time="2024-11-22T19:12:52-06:00" level=info msg="[INFO] Action Success"
time="2024-11-22T19:12:52-06:00" level=info msg="0:\ttask id: 1398000,\t process id:1398,\t chunk: [0.5 0.5]\n" idx=0 taskPrint="task id: 1398000,\t process id:1398,\t chunk: [0.5 0.5]"
time="2024-11-22T19:12:52-06:00" level=info msg="[INFO] Task id: 3984000,\t process id:3984,\t chunk: [0.25 0.25]" chunk="[0.25 0.25]" processID=3984 taskID=3984000
time="2024-11-22T19:12:52-06:00" level=info msg="[INFO] Task 1398001 (Process 1398) successfully assigned to Node 9933.\n" node=9933 process=1398 taskID=1398001
time="2024-11-22T19:12:52-06:00" level=info msg="Status success, with content Task asigned: 3984001\n, the task was {3984001 3984 [0.25] false} and the Node is 3433" ActionSuccess=success Connet="Task asigned: 3984001\n" ID=3433 Task="{3984001 3984 [0.25] false}"
time="2024-11-22T19:12:52-06:00" level=info msg="[INFO] Task id: 3984000,\t process id:3984,\t chunk: [0.25 0.25]" chunk="[0.25 0.25]" processID=3984 taskID=3984000
time="2024-11-22T19:12:52-06:00" level=info msg="[INFO] Action Success"
time="2024-11-22T19:12:52-06:00" level=info msg="[INFO] Task id: 3984000,\t process id:3984,\t chunk: [0.25 0.25]" chunk="[0.25 0.25]" processID=3984 taskID=3984000
time="2024-11-22T19:12:52-06:00" level=info msg="[INFO] Task 1398002 (Process 1398) successfully assigned to Node 4981.\n" node=4981 process=1398 taskID=1398002
time="2024-11-22T19:12:52-06:00" level=info msg="1:\ttask id: 3984000,\t process id:3984,\t chunk: [0.25 0.25]\n" idx=1 taskPrint="task id: 3984000,\t process id:3984,\t chunk: [0.25 0.25]"
time="2024-11-22T19:12:52-06:00" level=info msg="Status success, with content Task asigned: 3984000\n, the task was {3984000 3984 [0.25 0.25] false} and the Node is 7422" ActionSuccess=success Connet="Task asigned: 3984000\n" ID=7422 Task="{3984000 3984 [0.25 0.25] false}"
time="2024-11-22T19:12:52-06:00" level=info msg="[INFO] Action Success"
time="2024-11-22T19:12:52-06:00" level=info msg="[INFO] Task 3984001 (Process 3984) successfully assigned to Node 3433.\n" node=3433 process=3984 taskID=3984001
time="2024-11-22T19:12:52-06:00" level=info msg="[INFO] Action Success"
time="2024-11-22T19:12:52-06:00" level=info msg="[INFO] Task 3984000 (Process 3984) successfully assigned to Node 7422.\n" node=7422 process=3984 taskID=3984000
time="2024-11-22T19:12:53-06:00" level=info msg="[DEBUG] Popped task 9150003, from Node 627, Remaining queue size is 1" NodeID=627 QueueSize=1 taskId=9150003
time="2024-11-22T19:12:53-06:00" level=info msg="[INFO] Task id: 9150003,\t process id:9150,\t chunk: [0.7]" chunk="[0.7]" processID=9150 taskID=9150003
time="2024-11-22T19:12:53-06:00" level=info msg="Result of the sum from the tasktask id: 9150003,\t process id:9150,\t chunk: [0.7]" The total sum is=0.7
time="2024-11-22T19:12:53-06:00" level=info msg="[INFO] Task id: 9150003,\t process id:9150,\t chunk: [0.7]" chunk="[0.7]" processID=9150 taskID=9150003
time="2024-11-22T19:12:53-06:00" level=info msg="[INFO] Task id: 9150003,\t process id:9150,\t chunk: [0.7]" chunk="[0.7]" processID=9150 taskID=9150003
time="2024-11-22T19:12:53-06:00" level=info msg="[ task id: 9150003,\t process id:9150,\t chunk: [0.7] executed with result: 0.7 ]" Result=0.7 TaskToExecute="task id: 9150003,\t process id:9150,\t chunk: [0.7]"
time="2024-11-22T19:12:53-06:00" level=info msg="Message returnedRes, with string 0.7, the task was {9150003 9150 [0.7] true} and the Node is 627" ID=627 Message=returnedRes TasktoExcute="{9150003 9150 [0.7] true}" resString=0.7
time="2024-11-22T19:12:53-06:00" level=info msg="[INFO] ReturnedRes"
time="2024-11-22T19:12:53-06:00" level=info msg="[DEBUG] Popped task 9150001, from Node 8524, Remaining queue size is 1" NodeID=8524 QueueSize=1 taskId=9150001
time="2024-11-22T19:12:53-06:00" level=info msg="[INFO] Task id: 9150001,\t process id:9150,\t chunk: [0.3 0.4]" chunk="[0.3 0.4]" processID=9150 taskID=9150001
time="2024-11-22T19:12:53-06:00" level=info msg="Result of the sum from the tasktask id: 9150001,\t process id:9150,\t chunk: [0.3 0.4]" The total sum is=0.7
time="2024-11-22T19:12:53-06:00" level=info msg="[INFO] Task id: 9150001,\t process id:9150,\t chunk: [0.3 0.4]" chunk="[0.3 0.4]" processID=9150 taskID=9150001
time="2024-11-22T19:12:53-06:00" level=info msg="[INFO] Task id: 9150001,\t process id:9150,\t chunk: [0.3 0.4]" chunk="[0.3 0.4]" processID=9150 taskID=9150001
time="2024-11-22T19:12:53-06:00" level=info msg="[ task id: 9150001,\t process id:9150,\t chunk: [0.3 0.4] executed with result: 0.7 ]" Result=0.7 TaskToExecute="task id: 9150001,\t process id:9150,\t chunk: [0.3 0.4]"
time="2024-11-22T19:12:53-06:00" level=info msg="Message returnedRes, with string 0.7, the task was {9150001 9150 [0.3 0.4] true} and the Node is 8524" ID=8524 Message=returnedRes TasktoExcute="{9150001 9150 [0.3 0.4] true}" resString=0.7
time="2024-11-22T19:12:53-06:00" level=info msg="[INFO] ReturnedRes"
time="2024-11-22T19:12:53-06:00" level=info msg="[DEBUG] Popped task 1398000, from Node 7422, Remaining queue size is 1" NodeID=7422 QueueSize=1 taskId=1398000
time="2024-11-22T19:12:53-06:00" level=info msg="[INFO] Task id: 1398000,\t process id:1398,\t chunk: [0.5 0.5]" chunk="[0.5 0.5]" processID=1398 taskID=1398000
time="2024-11-22T19:12:53-06:00" level=info msg="Result of the sum from the tasktask id: 1398000,\t process id:1398,\t chunk: [0.5 0.5]" The total sum is=1
time="2024-11-22T19:12:53-06:00" level=info msg="[INFO] Task id: 1398000,\t process id:1398,\t chunk: [0.5 0.5]" chunk="[0.5 0.5]" processID=1398 taskID=1398000
time="2024-11-22T19:12:53-06:00" level=info msg="[INFO] Task id: 1398000,\t process id:1398,\t chunk: [0.5 0.5]" chunk="[0.5 0.5]" processID=1398 taskID=1398000
time="2024-11-22T19:12:53-06:00" level=info msg="[ task id: 1398000,\t process id:1398,\t chunk: [0.5 0.5] executed with result: 1 ]" Result=1 TaskToExecute="task id: 1398000,\t process id:1398,\t chunk: [0.5 0.5]"
time="2024-11-22T19:12:53-06:00" level=info msg="Message returnedRes, with string 1, the task was {1398000 1398 [0.5 0.5] true} and the Node is 7422" ID=7422 Message=returnedRes TasktoExcute="{1398000 1398 [0.5 0.5] true}" resString=1
time="2024-11-22T19:12:53-06:00" level=info msg="[INFO] ReturnedRes"
time="2024-11-22T19:12:53-06:00" level=info msg="[DEBUG] Popped task 9150000, from Node 7518, Remaining queue size is 1" NodeID=7518 QueueSize=1 taskId=9150000
time="2024-11-22T19:12:53-06:00" level=info msg="[INFO] Task id: 9150000,\t process id:9150,\t chunk: [0.1 0.2]" chunk="[0.1 0.2]" processID=9150 taskID=9150000
time="2024-11-22T19:12:53-06:00" level=info msg="Result of the sum from the tasktask id: 9150000,\t process id:9150,\t chunk: [0.1 0.2]" The total sum is=0.30000000000000004
time="2024-11-22T19:12:53-06:00" level=info msg="[INFO] Task id: 9150000,\t process id:9150,\t chunk: [0.1 0.2]" chunk="[0.1 0.2]" processID=9150 taskID=9150000
time="2024-11-22T19:12:53-06:00" level=info msg="[INFO] Task id: 9150000,\t process id:9150,\t chunk: [0.1 0.2]" chunk="[0.1 0.2]" processID=9150 taskID=9150000
time="2024-11-22T19:12:53-06:00" level=info msg="[ task id: 9150000,\t process id:9150,\t chunk: [0.1 0.2] executed with result: 0.30000000000000004 ]" Result=0.30000000000000004 TaskToExecute="task id: 9150000,\t process id:9150,\t chunk: [0.1 0.2]"
time="2024-11-22T19:12:53-06:00" level=info msg="Message returnedRes, with string 0.30000000000000004, the task was {9150000 9150 [0.1 0.2] true} and the Node is 7518" ID=7518 Message=returnedRes TasktoExcute="{9150000 9150 [0.1 0.2] true}" resString=0.30000000000000004
time="2024-11-22T19:12:53-06:00" level=info msg="[INFO] ReturnedRes"
time="2024-11-22T19:12:54-06:00" level=info msg="[DEBUG] Popped task 1808004, from Node 3433, Remaining queue size is 1" NodeID=3433 QueueSize=1 taskId=1808004
time="2024-11-22T19:12:54-06:00" level=info msg="[INFO] Task id: 1808004,\t process id:1808,\t chunk: [4.3 4.4]" chunk="[4.3 4.4]" processID=1808 taskID=1808004
time="2024-11-22T19:12:54-06:00" level=info msg="Result of the sum from the tasktask id: 1808004,\t process id:1808,\t chunk: [4.3 4.4]" The total sum is=8.7
time="2024-11-22T19:12:54-06:00" level=info msg="[INFO] Task id: 1808004,\t process id:1808,\t chunk: [4.3 4.4]" chunk="[4.3 4.4]" processID=1808 taskID=1808004
time="2024-11-22T19:12:54-06:00" level=info msg="[INFO] Task id: 1808004,\t process id:1808,\t chunk: [4.3 4.4]" chunk="[4.3 4.4]" processID=1808 taskID=1808004
time="2024-11-22T19:12:54-06:00" level=info msg="[ task id: 1808004,\t process id:1808,\t chunk: [4.3 4.4] executed with result: 8.7 ]" Result=8.7 TaskToExecute="task id: 1808004,\t process id:1808,\t chunk: [4.3 4.4]"
time="2024-11-22T19:12:54-06:00" level=info msg="Message returnedRes, with string 8.7, the task was {1808004 1808 [4.3 4.4] true} and the Node is 3433" ID=3433 Message=returnedRes TasktoExcute="{1808004 1808 [4.3 4.4] true}" resString=8.7
time="2024-11-22T19:12:54-06:00" level=info msg="[INFO] ReturnedRes"
time="2024-11-22T19:12:54-06:00" level=info msg="[DEBUG] Popped task 6797001, from Node 7139, Remaining queue size is 1" NodeID=7139 QueueSize=1 taskId=6797001
time="2024-11-22T19:12:54-06:00" level=info msg="[INFO] Task id: 6797001,\t process id:6797,\t chunk: [0 10]" chunk="[0 10]" processID=6797 taskID=6797001
time="2024-11-22T19:12:54-06:00" level=info msg="Result of the sum from the tasktask id: 6797001,\t process id:6797,\t chunk: [0 10]" The total sum is=10
time="2024-11-22T19:12:54-06:00" level=info msg="[INFO] Task id: 6797001,\t process id:6797,\t chunk: [0 10]" chunk="[0 10]" processID=6797 taskID=6797001
time="2024-11-22T19:12:54-06:00" level=info msg="[INFO] Task id: 6797001,\t process id:6797,\t chunk: [0 10]" chunk="[0 10]" processID=6797 taskID=6797001
time="2024-11-22T19:12:54-06:00" level=info msg="[ task id: 6797001,\t process id:6797,\t chunk: [0 10] executed with result: 10 ]" Result=10 TaskToExecute="task id: 6797001,\t process id:6797,\t chunk: [0 10]"
time="2024-11-22T19:12:54-06:00" level=info msg="Message returnedRes, with string 10, the task was {6797001 6797 [0 10] true} and the Node is 7139" ID=7139 Message=returnedRes TasktoExcute="{6797001 6797 [0 10] true}" resString=10
time="2024-11-22T19:12:54-06:00" level=info msg="[INFO] ReturnedRes"
time="2024-11-22T19:12:54-06:00" level=info msg="[DEBUG] Popped task 1808001, from Node 9933, Remaining queue size is 1" NodeID=9933 QueueSize=1 taskId=1808001
time="2024-11-22T19:12:54-06:00" level=info msg="[INFO] Task id: 1808001,\t process id:1808,\t chunk: [3.7 3.8]" chunk="[3.7 3.8]" processID=1808 taskID=1808001
time="2024-11-22T19:12:54-06:00" level=info msg="Result of the sum from the tasktask id: 1808001,\t process id:1808,\t chunk: [3.7 3.8]" The total sum is=7.5
time="2024-11-22T19:12:54-06:00" level=info msg="[INFO] Task id: 1808001,\t process id:1808,\t chunk: [3.7 3.8]" chunk="[3.7 3.8]" processID=1808 taskID=1808001
time="2024-11-22T19:12:54-06:00" level=info msg="[INFO] Task id: 1808001,\t process id:1808,\t chunk: [3.7 3.8]" chunk="[3.7 3.8]" processID=1808 taskID=1808001
time="2024-11-22T19:12:54-06:00" level=info msg="[ task id: 1808001,\t process id:1808,\t chunk: [3.7 3.8] executed with result: 7.5 ]" Result=7.5 TaskToExecute="task id: 1808001,\t process id:1808,\t chunk: [3.7 3.8]"
time="2024-11-22T19:12:54-06:00" level=info msg="Message returnedRes, with string 7.5, the task was {1808001 1808 [3.7 3.8] true} and the Node is 9933" ID=9933 Message=returnedRes TasktoExcute="{1808001 1808 [3.7 3.8] true}" resString=7.5
time="2024-11-22T19:12:54-06:00" level=info msg="[INFO] ReturnedRes"
time="2024-11-22T19:12:54-06:00" level=info msg="[DEBUG] Popped task 9150002, from Node 2002, Remaining queue size is 1" NodeID=2002 QueueSize=1 taskId=9150002
time="2024-11-22T19:12:54-06:00" level=info msg="[INFO] Task id: 9150002,\t process id:9150,\t chunk: [0.5 0.6]" chunk="[0.5 0.6]" processID=9150 taskID=9150002
time="2024-11-22T19:12:54-06:00" level=info msg="Result of the sum from the tasktask id: 9150002,\t process id:9150,\t chunk: [0.5 0.6]" The total sum is=1.1
time="2024-11-22T19:12:54-06:00" level=info msg="[INFO] Task id: 9150002,\t process id:9150,\t chunk: [0.5 0.6]" chunk="[0.5 0.6]" processID=9150 taskID=9150002
time="2024-11-22T19:12:54-06:00" level=info msg="[INFO] Task id: 9150002,\t process id:9150,\t chunk: [0.5 0.6]" chunk="[0.5 0.6]" processID=9150 taskID=9150002
time="2024-11-22T19:12:54-06:00" level=info msg="[ task id: 9150002,\t process id:9150,\t chunk: [0.5 0.6] executed with result: 1.1 ]" Result=1.1 TaskToExecute="task id: 9150002,\t process id:9150,\t chunk: [0.5 0.6]"
time="2024-11-22T19:12:54-06:00" level=info msg="Message returnedRes, with string 1.1, the task was {9150002 9150 [0.5 0.6] true} and the Node is 2002" ID=2002 Message=returnedRes TasktoExcute="{9150002 9150 [0.5 0.6] true}" resString=1.1
time="2024-11-22T19:12:54-06:00" level=info msg="[INFO] ReturnedRes"
time="2024-11-22T19:12:54-06:00" level=info msg="[INFO]Process with id: 9150 has finished with final result: 2.8" ProcessID=9150 result=2.8
time="2024-11-22T19:12:54-06:00" level=info msg="[DEBUG] Popped task 1808005, from Node 4981, Remaining queue size is 1" NodeID=4981 QueueSize=1 taskId=1808005
time="2024-11-22T19:12:54-06:00" level=info msg="[INFO] Task id: 1808005,\t process id:1808,\t chunk: [4.5 4.6]" chunk="[4.5 4.6]" processID=1808 taskID=1808005
time="2024-11-22T19:12:54-06:00" level=info msg="Result of the sum from the tasktask id: 1808005,\t process id:1808,\t chunk: [4.5 4.6]" The total sum is=9.1
time="2024-11-22T19:12:54-06:00" level=info msg="[INFO] Task id: 1808005,\t process id:1808,\t chunk: [4.5 4.6]" chunk="[4.5 4.6]" processID=1808 taskID=1808005
time="2024-11-22T19:12:54-06:00" level=info msg="[INFO] Task id: 1808005,\t process id:1808,\t chunk: [4.5 4.6]" chunk="[4.5 4.6]" processID=1808 taskID=1808005
time="2024-11-22T19:12:54-06:00" level=info msg="[ task id: 1808005,\t process id:1808,\t chunk: [4.5 4.6] executed with result: 9.1 ]" Result=9.1 TaskToExecute="task id: 1808005,\t process id:1808,\t chunk: [4.5 4.6]"
time="2024-11-22T19:12:54-06:00" level=info msg="Message returnedRes, with string 9.1, the task was {1808005 1808 [4.5 4.6] true} and the Node is 4981" ID=4981 Message=returnedRes TasktoExcute="{1808005 1808 [4.5 4.6] true}" resString=9.1
time="2024-11-22T19:12:54-06:00" level=info msg="[INFO] ReturnedRes"
time="2024-11-22T19:12:55-06:00" level=info msg="[DEBUG] Popped task 1808006, from Node 627, Remaining queue size is 0" NodeID=627 QueueSize=0 taskId=1808006
time="2024-11-22T19:12:55-06:00" level=info msg="[INFO] Task id: 1808006,\t process id:1808,\t chunk: [4.7]" chunk="[4.7]" processID=1808 taskID=1808006
time="2024-11-22T19:12:55-06:00" level=info msg="Result of the sum from the tasktask id: 1808006,\t process id:1808,\t chunk: [4.7]" The total sum is=4.7
time="2024-11-22T19:12:55-06:00" level=info msg="[INFO] Task id: 1808006,\t process id:1808,\t chunk: [4.7]" chunk="[4.7]" processID=1808 taskID=1808006
time="2024-11-22T19:12:55-06:00" level=info msg="[INFO] Task id: 1808006,\t process id:1808,\t chunk: [4.7]" chunk="[4.7]" processID=1808 taskID=1808006
time="2024-11-22T19:12:55-06:00" level=info msg="[ task id: 1808006,\t process id:1808,\t chunk: [4.7] executed with result: 4.7 ]" Result=4.7 TaskToExecute="task id: 1808006,\t process id:1808,\t chunk: [4.7]"
time="2024-11-22T19:12:55-06:00" level=info msg="Message returnedRes, with string 4.7, the task was {1808006 1808 [4.7] true} and the Node is 627" ID=627 Message=returnedRes TasktoExcute="{1808006 1808 [4.7] true}" resString=4.7
time="2024-11-22T19:12:55-06:00" level=info msg="[INFO] ReturnedRes"
time="2024-11-22T19:12:55-06:00" level=info msg="[DEBUG] Popped task 1808002, from Node 8524, Remaining queue size is 0" NodeID=8524 QueueSize=0 taskId=1808002
time="2024-11-22T19:12:55-06:00" level=info msg="[INFO] Task id: 1808002,\t process id:1808,\t chunk: [3.9 4]" chunk="[3.9 4]" processID=1808 taskID=1808002
time="2024-11-22T19:12:55-06:00" level=info msg="Result of the sum from the tasktask id: 1808002,\t process id:1808,\t chunk: [3.9 4]" The total sum is=7.9
time="2024-11-22T19:12:55-06:00" level=info msg="[INFO] Task id: 1808002,\t process id:1808,\t chunk: [3.9 4]" chunk="[3.9 4]" processID=1808 taskID=1808002
time="2024-11-22T19:12:55-06:00" level=info msg="[INFO] Task id: 1808002,\t process id:1808,\t chunk: [3.9 4]" chunk="[3.9 4]" processID=1808 taskID=1808002
time="2024-11-22T19:12:55-06:00" level=info msg="[ task id: 1808002,\t process id:1808,\t chunk: [3.9 4] executed with result: 7.9 ]" Result=7.9 TaskToExecute="task id: 1808002,\t process id:1808,\t chunk: [3.9 4]"
time="2024-11-22T19:12:55-06:00" level=info msg="Message returnedRes, with string 7.9, the task was {1808002 1808 [3.9 4] true} and the Node is 8524" ID=8524 Message=returnedRes TasktoExcute="{1808002 1808 [3.9 4] true}" resString=7.9
time="2024-11-22T19:12:55-06:00" level=info msg="[INFO] ReturnedRes"
time="2024-11-22T19:12:55-06:00" level=info msg="[DEBUG] Popped task 3984000, from Node 7422, Remaining queue size is 0" NodeID=7422 QueueSize=0 taskId=3984000
time="2024-11-22T19:12:55-06:00" level=info msg="[INFO] Task id: 3984000,\t process id:3984,\t chunk: [0.25 0.25]" chunk="[0.25 0.25]" processID=3984 taskID=3984000
time="2024-11-22T19:12:55-06:00" level=info msg="Result of the sum from the tasktask id: 3984000,\t process id:3984,\t chunk: [0.25 0.25]" The total sum is=0.5
time="2024-11-22T19:12:55-06:00" level=info msg="[INFO] Task id: 3984000,\t process id:3984,\t chunk: [0.25 0.25]" chunk="[0.25 0.25]" processID=3984 taskID=3984000
time="2024-11-22T19:12:55-06:00" level=info msg="[INFO] Task id: 3984000,\t process id:3984,\t chunk: [0.25 0.25]" chunk="[0.25 0.25]" processID=3984 taskID=3984000
time="2024-11-22T19:12:55-06:00" level=info msg="[ task id: 3984000,\t process id:3984,\t chunk: [0.25 0.25] executed with result: 0.5 ]" Result=0.5 TaskToExecute="task id: 3984000,\t process id:3984,\t chunk: [0.25 0.25]"
time="2024-11-22T19:12:55-06:00" level=info msg="Message returnedRes, with string 0.5, the task was {3984000 3984 [0.25 0.25] true} and the Node is 7422" ID=7422 Message=returnedRes TasktoExcute="{3984000 3984 [0.25 0.25] true}" resString=0.5
time="2024-11-22T19:12:55-06:00" level=info msg="[INFO] ReturnedRes"
time="2024-11-22T19:12:55-06:00" level=info msg="[DEBUG] Popped task 1808000, from Node 7518, Remaining queue size is 0" NodeID=7518 QueueSize=0 taskId=1808000
time="2024-11-22T19:12:55-06:00" level=info msg="[INFO] Task id: 1808000,\t process id:1808,\t chunk: [3.5 3.6]" chunk="[3.5 3.6]" processID=1808 taskID=1808000
time="2024-11-22T19:12:55-06:00" level=info msg="Result of the sum from the tasktask id: 1808000,\t process id:1808,\t chunk: [3.5 3.6]" The total sum is=7.1
time="2024-11-22T19:12:55-06:00" level=info msg="[INFO] Task id: 1808000,\t process id:1808,\t chunk: [3.5 3.6]" chunk="[3.5 3.6]" processID=1808 taskID=1808000
time="2024-11-22T19:12:55-06:00" level=info msg="[INFO] Task id: 1808000,\t process id:1808,\t chunk: [3.5 3.6]" chunk="[3.5 3.6]" processID=1808 taskID=1808000
time="2024-11-22T19:12:55-06:00" level=info msg="[ task id: 1808000,\t process id:1808,\t chunk: [3.5 3.6] executed with result: 7.1 ]" Result=7.1 TaskToExecute="task id: 1808000,\t process id:1808,\t chunk: [3.5 3.6]"
time="2024-11-22T19:12:55-06:00" level=info msg="Message returnedRes, with string 7.1, the task was {1808000 1808 [3.5 3.6] true} and the Node is 7518" ID=7518 Message=returnedRes TasktoExcute="{1808000 1808 [3.5 3.6] true}" resString=7.1
time="2024-11-22T19:12:55-06:00" level=info msg="[INFO] ReturnedRes"
time="2024-11-22T19:12:56-06:00" level=info msg="[DEBUG] Popped task 3984001, from Node 3433, Remaining queue size is 0" NodeID=3433 QueueSize=0 taskId=3984001
time="2024-11-22T19:12:56-06:00" level=info msg="[INFO] Task id: 3984001,\t process id:3984,\t chunk: [0.25]" chunk="[0.25]" processID=3984 taskID=3984001
time="2024-11-22T19:12:56-06:00" level=info msg="Result of the sum from the tasktask id: 3984001,\t process id:3984,\t chunk: [0.25]" The total sum is=0.25
time="2024-11-22T19:12:56-06:00" level=info msg="[INFO] Task id: 3984001,\t process id:3984,\t chunk: [0.25]" chunk="[0.25]" processID=3984 taskID=3984001
time="2024-11-22T19:12:56-06:00" level=info msg="[INFO] Task id: 3984001,\t process id:3984,\t chunk: [0.25]" chunk="[0.25]" processID=3984 taskID=3984001
time="2024-11-22T19:12:56-06:00" level=info msg="[ task id: 3984001,\t process id:3984,\t chunk: [0.25] executed with result: 0.25 ]" Result=0.25 TaskToExecute="task id: 3984001,\t process id:3984,\t chunk: [0.25]"
time="2024-11-22T19:12:56-06:00" level=info msg="Message returnedRes, with string 0.25, the task was {3984001 3984 [0.25] true} and the Node is 3433" ID=3433 Message=returnedRes TasktoExcute="{3984001 3984 [0.25] true}" resString=0.25
time="2024-11-22T19:12:56-06:00" level=info msg="[INFO] ReturnedRes"
time="2024-11-22T19:12:56-06:00" level=info msg="[INFO]Process with id: 3984 has finished with final result: 0.75" ProcessID=3984 result=0.75
time="2024-11-22T19:12:56-06:00" level=info msg="[DEBUG] Popped task 1808003, from Node 7139, Remaining queue size is 0" NodeID=7139 QueueSize=0 taskId=1808003
time="2024-11-22T19:12:56-06:00" level=info msg="[INFO] Task id: 1808003,\t process id:1808,\t chunk: [4.1 4.2]" chunk="[4.1 4.2]" processID=1808 taskID=1808003
time="2024-11-22T19:12:56-06:00" level=info msg="Result of the sum from the tasktask id: 1808003,\t process id:1808,\t chunk: [4.1 4.2]" The total sum is=8.3
time="2024-11-22T19:12:56-06:00" level=info msg="[INFO] Task id: 1808003,\t process id:1808,\t chunk: [4.1 4.2]" chunk="[4.1 4.2]" processID=1808 taskID=1808003
time="2024-11-22T19:12:56-06:00" level=info msg="[INFO] Task id: 1808003,\t process id:1808,\t chunk: [4.1 4.2]" chunk="[4.1 4.2]" processID=1808 taskID=1808003
time="2024-11-22T19:12:56-06:00" level=info msg="[ task id: 1808003,\t process id:1808,\t chunk: [4.1 4.2] executed with result: 8.3 ]" Result=8.3 TaskToExecute="task id: 1808003,\t process id:1808,\t chunk: [4.1 4.2]"
time="2024-11-22T19:12:56-06:00" level=info msg="Message returnedRes, with string 8.3, the task was {1808003 1808 [4.1 4.2] true} and the Node is 7139" ID=7139 Message=returnedRes TasktoExcute="{1808003 1808 [4.1 4.2] true}" resString=8.3
time="2024-11-22T19:12:56-06:00" level=info msg="[INFO] ReturnedRes"
time="2024-11-22T19:12:56-06:00" level=info msg="[INFO]Process with id: 1808 has finished with final result: 53.3" ProcessID=1808 result=53.3
time="2024-11-22T19:12:56-06:00" level=info msg="[DEBUG] Popped task 1398001, from Node 9933, Remaining queue size is 0" NodeID=9933 QueueSize=0 taskId=1398001
time="2024-11-22T19:12:56-06:00" level=info msg="[INFO] Task id: 1398001,\t process id:1398,\t chunk: [1 1]" chunk="[1 1]" processID=1398 taskID=1398001
time="2024-11-22T19:12:56-06:00" level=info msg="Result of the sum from the tasktask id: 1398001,\t process id:1398,\t chunk: [1 1]" The total sum is=2
time="2024-11-22T19:12:56-06:00" level=info msg="[INFO] Task id: 1398001,\t process id:1398,\t chunk: [1 1]" chunk="[1 1]" processID=1398 taskID=1398001
time="2024-11-22T19:12:56-06:00" level=info msg="[INFO] Task id: 1398001,\t process id:1398,\t chunk: [1 1]" chunk="[1 1]" processID=1398 taskID=1398001
time="2024-11-22T19:12:56-06:00" level=info msg="[ task id: 1398001,\t process id:1398,\t chunk: [1 1] executed with result: 2 ]" Result=2 TaskToExecute="task id: 1398001,\t process id:1398,\t chunk: [1 1]"
time="2024-11-22T19:12:56-06:00" level=info msg="Message returnedRes, with string 2, the task was {1398001 1398 [1 1] true} and the Node is 9933" ID=9933 Message=returnedRes TasktoExcute="{1398001 1398 [1 1] true}" resString=2
time="2024-11-22T19:12:56-06:00" level=info msg="[INFO] ReturnedRes"
time="2024-11-22T19:12:56-06:00" level=info msg="[DEBUG] Popped task 6797000, from Node 2002, Remaining queue size is 0" NodeID=2002 QueueSize=0 taskId=6797000
time="2024-11-22T19:12:56-06:00" level=info msg="[INFO] Task id: 6797000,\t process id:6797,\t chunk: [0.8 0.9]" chunk="[0.8 0.9]" processID=6797 taskID=6797000
time="2024-11-22T19:12:56-06:00" level=info msg="Result of the sum from the tasktask id: 6797000,\t process id:6797,\t chunk: [0.8 0.9]" The total sum is=1.7000000000000002
time="2024-11-22T19:12:56-06:00" level=info msg="[INFO] Task id: 6797000,\t process id:6797,\t chunk: [0.8 0.9]" chunk="[0.8 0.9]" processID=6797 taskID=6797000
time="2024-11-22T19:12:56-06:00" level=info msg="[INFO] Task id: 6797000,\t process id:6797,\t chunk: [0.8 0.9]" chunk="[0.8 0.9]" processID=6797 taskID=6797000
time="2024-11-22T19:12:56-06:00" level=info msg="[ task id: 6797000,\t process id:6797,\t chunk: [0.8 0.9] executed with result: 1.7000000000000002 ]" Result=1.7000000000000002 TaskToExecute="task id: 6797000,\t process id:6797,\t chunk: [0.8 0.9]"
time="2024-11-22T19:12:56-06:00" level=info msg="Message returnedRes, with string 1.7000000000000002, the task was {6797000 6797 [0.8 0.9] true} and the Node is 2002" ID=2002 Message=returnedRes TasktoExcute="{6797000 6797 [0.8 0.9] true}" resString=1.7000000000000002
time="2024-11-22T19:12:56-06:00" level=info msg="[INFO] ReturnedRes"
time="2024-11-22T19:12:56-06:00" level=info msg="[INFO]Process with id: 6797 has finished with final result: 11.7" ProcessID=6797 result=11.7
time="2024-11-22T19:12:56-06:00" level=info msg="[DEBUG] Popped task 1398002, from Node 4981, Remaining queue size is 0" NodeID=4981 QueueSize=0 taskId=1398002
time="2024-11-22T19:12:56-06:00" level=info msg="[INFO] Task id: 1398002,\t process id:1398,\t chunk: [2]" chunk="[2]" processID=1398 taskID=1398002
time="2024-11-22T19:12:56-06:00" level=info msg="Result of the sum from the tasktask id: 1398002,\t process id:1398,\t chunk: [2]" The total sum is=2
time="2024-11-22T19:12:56-06:00" level=info msg="[INFO] Task id: 1398002,\t process id:1398,\t chunk: [2]" chunk="[2]" processID=1398 taskID=1398002
time="2024-11-22T19:12:56-06:00" level=info msg="[INFO] Task id: 1398002,\t process id:1398,\t chunk: [2]" chunk="[2]" processID=1398 taskID=1398002
time="2024-11-22T19:12:56-06:00" level=info msg="[ task id: 1398002,\t process id:1398,\t chunk: [2] executed with result: 2 ]" Result=2 TaskToExecute="task id: 1398002,\t process id:1398,\t chunk: [2]"
time="2024-11-22T19:12:56-06:00" level=info msg="Message returnedRes, with string 2, the task was {1398002 1398 [2] true} and the Node is 4981" ID=4981 Message=returnedRes TasktoExcute="{1398002 1398 [2] true}" resString=2
time="2024-11-22T19:12:56-06:00" level=info msg="[INFO] ReturnedRes"
time="2024-11-22T19:12:56-06:00" level=info msg="[INFO]Process with id: 1398 has finished with final result: 5" ProcessID=1398 result=5
time="2024-11-22T19:13:19-06:00" level=info msg="Exit program by user decision"
time="2024-11-22T19:13:19-06:00" level=error msg="[ERROR]" Error sending heartBeat up="error sending data: write tcp 127.0.0.1:64350->127.0.0.1:9999: wsasend: An existing connection was forcibly closed by the remote host."
time="2024-11-22T19:13:19-06:00" level=error msg="[ERROR]" Error sending heartBeat up="error sending data: write tcp 127.0.0.1:64352->127.0.0.1:9999: wsasend: An existing connection was forcibly closed by the remote host."
time="2024-11-22T19:13:19-06:00" level=error msg="[ERROR]" Error sending heartBeat up="error sending data: write tcp 127.0.0.1:64354->127.0.0.1:9999: wsasend: An existing connection was forcibly closed by the remote host."
time="2024-11-22T19:13:19-06:00" level=error msg="[ERROR]" Error sending heartBeat up="error sending data: write tcp 127.0.0.1:64358->127.0.0.1:9999: wsasend: An existing connection was forcibly closed by the remote host."
time="2024-11-22T19:13:19-06:00" level=error msg="[ERROR]" Error sending heartBeat up="error sending data: write tcp 127.0.0.1:64356->127.0.0.1:9999: wsasend: An existing connection was forcibly closed by the remote host."
time="2024-11-22T19:13:19-06:00" level=error msg="[ERROR]" Error sending heartBeat up="error sending data: write tcp 127.0.0.1:64360->127.0.0.1:9999: wsasend: An existing connection was forcibly closed by the remote host."
time="2024-11-22T19:13:19-06:00" level=error msg="[ERROR]" Error sending heartBeat up="error sending data: write tcp 127.0.0.1:64362->127.0.0.1:9999: wsasend: An existing connection was forcibly closed by the remote host."
time="2024-11-22T19:13:19-06:00" level=error msg="[ERROR]" Error sending heartBeat up="error sending data: write tcp 127.0.0.1:64364->127.0.0.1:9999: wsasend: An existing connection was forcibly closed by the remote host."
time="2024-11-22T19:13:19-06:00" level=error msg="[ERROR]" Error sending heartBeat up="error sending data: write tcp 127.0.0.1:64348->127.0.0.1:9999: wsasend: An existing connection was forcibly closed by the remote host."
